# Logfile created on 2014-04-03 01:00:15 -0400 by logger.rb/41954
I, [2014-04-03T01:00:15.513053 #67775]  INFO -- : 0:  rake (10.2.2) from /Users/MightyMouse/.rvm/gems/ruby-2.0.0-p353/specifications/rake-10.2.2.gemspec
I, [2014-04-03T01:00:15.513413 #67775]  INFO -- : 0:  i18n (0.6.9) from /Users/MightyMouse/.rvm/gems/ruby-2.0.0-p353@global/specifications/i18n-0.6.9.gemspec
I, [2014-04-03T01:00:15.513687 #67775]  INFO -- : 0:  minitest (4.7.5) from /Users/MightyMouse/.rvm/gems/ruby-2.0.0-p353/specifications/minitest-4.7.5.gemspec
I, [2014-04-03T01:00:15.513966 #67775]  INFO -- : 0:  multi_json (1.9.2) from /Users/MightyMouse/.rvm/gems/ruby-2.0.0-p353/specifications/multi_json-1.9.2.gemspec
I, [2014-04-03T01:00:15.514213 #67775]  INFO -- : 0:  atomic (1.1.16) from /Users/MightyMouse/.rvm/gems/ruby-2.0.0-p353/specifications/atomic-1.1.16.gemspec
I, [2014-04-03T01:00:15.514464 #67775]  INFO -- : 0:  thread_safe (0.3.1) from /Users/MightyMouse/.rvm/gems/ruby-2.0.0-p353/specifications/thread_safe-0.3.1.gemspec
I, [2014-04-03T01:00:15.514708 #67775]  INFO -- : 0:  tzinfo (0.3.39) from /Users/MightyMouse/.rvm/gems/ruby-2.0.0-p353/specifications/tzinfo-0.3.39.gemspec
I, [2014-04-03T01:00:15.514950 #67775]  INFO -- : 0:  activesupport (4.0.3) from /Users/MightyMouse/.rvm/gems/ruby-2.0.0-p353/specifications/activesupport-4.0.3.gemspec
I, [2014-04-03T01:00:15.515183 #67775]  INFO -- : 0:  builder (3.1.4) from /Users/MightyMouse/.rvm/gems/ruby-2.0.0-p353@global/specifications/builder-3.1.4.gemspec
I, [2014-04-03T01:00:15.515422 #67775]  INFO -- : 0:  erubis (2.7.0) from /Users/MightyMouse/.rvm/gems/ruby-2.0.0-p353@global/specifications/erubis-2.7.0.gemspec
I, [2014-04-03T01:00:15.515659 #67775]  INFO -- : 0:  rack (1.5.2) from /Users/MightyMouse/.rvm/gems/ruby-2.0.0-p353@global/specifications/rack-1.5.2.gemspec
I, [2014-04-03T01:00:15.515899 #67775]  INFO -- : 0:  rack-test (0.6.2) from /Users/MightyMouse/.rvm/gems/ruby-2.0.0-p353@global/specifications/rack-test-0.6.2.gemspec
I, [2014-04-03T01:00:15.516135 #67775]  INFO -- : 0:  actionpack (4.0.3) from /Users/MightyMouse/.rvm/gems/ruby-2.0.0-p353/specifications/actionpack-4.0.3.gemspec
I, [2014-04-03T01:00:15.516367 #67775]  INFO -- : 0:  mime-types (1.25.1) from /Users/MightyMouse/.rvm/gems/ruby-2.0.0-p353@global/specifications/mime-types-1.25.1.gemspec
I, [2014-04-03T01:00:15.516601 #67775]  INFO -- : 0:  polyglot (0.3.4) from /Users/MightyMouse/.rvm/gems/ruby-2.0.0-p353/specifications/polyglot-0.3.4.gemspec
I, [2014-04-03T01:00:15.516837 #67775]  INFO -- : 0:  treetop (1.4.15) from /Users/MightyMouse/.rvm/gems/ruby-2.0.0-p353@global/specifications/treetop-1.4.15.gemspec
I, [2014-04-03T01:00:15.517071 #67775]  INFO -- : 0:  mail (2.5.4) from /Users/MightyMouse/.rvm/gems/ruby-2.0.0-p353@global/specifications/mail-2.5.4.gemspec
I, [2014-04-03T01:00:15.517304 #67775]  INFO -- : 0:  actionmailer (4.0.3) from /Users/MightyMouse/.rvm/gems/ruby-2.0.0-p353/specifications/actionmailer-4.0.3.gemspec
I, [2014-04-03T01:00:15.517541 #67775]  INFO -- : 0:  activemodel (4.0.3) from /Users/MightyMouse/.rvm/gems/ruby-2.0.0-p353/specifications/activemodel-4.0.3.gemspec
I, [2014-04-03T01:00:15.517778 #67775]  INFO -- : 0:  activerecord-deprecated_finders (1.0.3) from /Users/MightyMouse/.rvm/gems/ruby-2.0.0-p353@global/specifications/activerecord-deprecated_finders-1.0.3.gemspec
I, [2014-04-03T01:00:15.518050 #67775]  INFO -- : 0:  arel (4.0.2) from /Users/MightyMouse/.rvm/gems/ruby-2.0.0-p353/specifications/arel-4.0.2.gemspec
I, [2014-04-03T01:00:15.518367 #67775]  INFO -- : 0:  activerecord (4.0.3) from /Users/MightyMouse/.rvm/gems/ruby-2.0.0-p353/specifications/activerecord-4.0.3.gemspec
I, [2014-04-03T01:00:15.518595 #67775]  INFO -- : 0:  bundler (1.5.1) from /Users/MightyMouse/.rvm/gems/ruby-2.0.0-p353@global/specifications/bundler-1.5.1.gemspec
I, [2014-04-03T01:00:15.518834 #67775]  INFO -- : 0:  coffee-script-source (1.7.0) from /Users/MightyMouse/.rvm/gems/ruby-2.0.0-p353/specifications/coffee-script-source-1.7.0.gemspec
I, [2014-04-03T01:00:15.519066 #67775]  INFO -- : 0:  execjs (2.0.2) from /Users/MightyMouse/.rvm/gems/ruby-2.0.0-p353/specifications/execjs-2.0.2.gemspec
I, [2014-04-03T01:00:15.519316 #67775]  INFO -- : 0:  coffee-script (2.2.0) from /Users/MightyMouse/.rvm/gems/ruby-2.0.0-p353/specifications/coffee-script-2.2.0.gemspec
I, [2014-04-03T01:00:15.519550 #67775]  INFO -- : 0:  thor (0.19.1) from /Users/MightyMouse/.rvm/gems/ruby-2.0.0-p353/specifications/thor-0.19.1.gemspec
I, [2014-04-03T01:00:15.519792 #67775]  INFO -- : 0:  railties (4.0.3) from /Users/MightyMouse/.rvm/gems/ruby-2.0.0-p353/specifications/railties-4.0.3.gemspec
I, [2014-04-03T01:00:15.520026 #67775]  INFO -- : 0:  coffee-rails (4.0.1) from /Users/MightyMouse/.rvm/gems/ruby-2.0.0-p353/specifications/coffee-rails-4.0.1.gemspec
I, [2014-04-03T01:00:15.520261 #67775]  INFO -- : 0:  hike (1.2.3) from /Users/MightyMouse/.rvm/gems/ruby-2.0.0-p353@global/specifications/hike-1.2.3.gemspec
I, [2014-04-03T01:00:15.520498 #67775]  INFO -- : 0:  jbuilder (1.5.3) from /Users/MightyMouse/.rvm/gems/ruby-2.0.0-p353/specifications/jbuilder-1.5.3.gemspec
I, [2014-04-03T01:00:15.520730 #67775]  INFO -- : 0:  jquery-rails (3.1.0) from /Users/MightyMouse/.rvm/gems/ruby-2.0.0-p353/specifications/jquery-rails-3.1.0.gemspec
I, [2014-04-03T01:00:15.520968 #67775]  INFO -- : 0:  json (1.8.1) from /Users/MightyMouse/.rvm/gems/ruby-2.0.0-p353/specifications/json-1.8.1.gemspec
I, [2014-04-03T01:00:15.521168 #67775]  INFO -- : 0:  tilt (1.4.1) from /Users/MightyMouse/.rvm/gems/ruby-2.0.0-p353@global/specifications/tilt-1.4.1.gemspec
I, [2014-04-03T01:00:15.521410 #67775]  INFO -- : 0:  sprockets (2.11.0) from /Users/MightyMouse/.rvm/gems/ruby-2.0.0-p353/specifications/sprockets-2.11.0.gemspec
I, [2014-04-03T01:00:15.521645 #67775]  INFO -- : 0:  sprockets-rails (2.0.1) from /Users/MightyMouse/.rvm/gems/ruby-2.0.0-p353@global/specifications/sprockets-rails-2.0.1.gemspec
I, [2014-04-03T01:00:15.521878 #67775]  INFO -- : 0:  rails (4.0.3) from /Users/MightyMouse/.rvm/gems/ruby-2.0.0-p353/specifications/rails-4.0.3.gemspec
I, [2014-04-03T01:00:15.522110 #67775]  INFO -- : 0:  rdoc (4.1.1) from /Users/MightyMouse/.rvm/gems/ruby-2.0.0-p353/specifications/rdoc-4.1.1.gemspec
I, [2014-04-03T01:00:15.522350 #67775]  INFO -- : 0:  sass (3.2.18) from /Users/MightyMouse/.rvm/gems/ruby-2.0.0-p353/specifications/sass-3.2.18.gemspec
I, [2014-04-03T01:00:15.522591 #67775]  INFO -- : 0:  sass-rails (4.0.2) from /Users/MightyMouse/.rvm/gems/ruby-2.0.0-p353/specifications/sass-rails-4.0.2.gemspec
I, [2014-04-03T01:00:15.522830 #67775]  INFO -- : 0:  sdoc (0.4.0) from /Users/MightyMouse/.rvm/gems/ruby-2.0.0-p353/specifications/sdoc-0.4.0.gemspec
I, [2014-04-03T01:00:15.523131 #67775]  INFO -- : 0:  sqlite3 (1.3.9) from /Users/MightyMouse/.rvm/gems/ruby-2.0.0-p353/specifications/sqlite3-1.3.9.gemspec
I, [2014-04-03T01:00:15.523390 #67775]  INFO -- : 0:  turbolinks (2.2.1) from /Users/MightyMouse/.rvm/gems/ruby-2.0.0-p353/specifications/turbolinks-2.2.1.gemspec
I, [2014-04-03T01:00:15.523633 #67775]  INFO -- : 0:  uglifier (2.5.0) from /Users/MightyMouse/.rvm/gems/ruby-2.0.0-p353/specifications/uglifier-2.5.0.gemspec
I, [2014-04-03T02:04:22.919839 #68340]  INFO -- : 0:  rake (10.2.2) from /Users/MightyMouse/.rvm/gems/ruby-2.0.0-p353/specifications/rake-10.2.2.gemspec
I, [2014-04-03T02:04:22.933016 #68340]  INFO -- : 0:  i18n (0.6.9) from /Users/MightyMouse/.rvm/gems/ruby-2.0.0-p353@global/specifications/i18n-0.6.9.gemspec
I, [2014-04-03T02:04:22.933461 #68340]  INFO -- : 0:  minitest (4.7.5) from /Users/MightyMouse/.rvm/gems/ruby-2.0.0-p353/specifications/minitest-4.7.5.gemspec
I, [2014-04-03T02:04:22.933798 #68340]  INFO -- : 0:  multi_json (1.9.2) from /Users/MightyMouse/.rvm/gems/ruby-2.0.0-p353/specifications/multi_json-1.9.2.gemspec
I, [2014-04-03T02:04:22.934133 #68340]  INFO -- : 0:  atomic (1.1.16) from /Users/MightyMouse/.rvm/gems/ruby-2.0.0-p353/specifications/atomic-1.1.16.gemspec
I, [2014-04-03T02:04:22.934465 #68340]  INFO -- : 0:  thread_safe (0.3.1) from /Users/MightyMouse/.rvm/gems/ruby-2.0.0-p353/specifications/thread_safe-0.3.1.gemspec
I, [2014-04-03T02:04:22.934791 #68340]  INFO -- : 0:  tzinfo (0.3.39) from /Users/MightyMouse/.rvm/gems/ruby-2.0.0-p353/specifications/tzinfo-0.3.39.gemspec
I, [2014-04-03T02:04:22.935127 #68340]  INFO -- : 0:  activesupport (4.0.3) from /Users/MightyMouse/.rvm/gems/ruby-2.0.0-p353/specifications/activesupport-4.0.3.gemspec
I, [2014-04-03T02:04:22.935444 #68340]  INFO -- : 0:  builder (3.1.4) from /Users/MightyMouse/.rvm/gems/ruby-2.0.0-p353@global/specifications/builder-3.1.4.gemspec
I, [2014-04-03T02:04:22.935801 #68340]  INFO -- : 0:  erubis (2.7.0) from /Users/MightyMouse/.rvm/gems/ruby-2.0.0-p353@global/specifications/erubis-2.7.0.gemspec
I, [2014-04-03T02:04:22.936179 #68340]  INFO -- : 0:  rack (1.5.2) from /Users/MightyMouse/.rvm/gems/ruby-2.0.0-p353@global/specifications/rack-1.5.2.gemspec
I, [2014-04-03T02:04:22.936462 #68340]  INFO -- : 0:  rack-test (0.6.2) from /Users/MightyMouse/.rvm/gems/ruby-2.0.0-p353@global/specifications/rack-test-0.6.2.gemspec
I, [2014-04-03T02:04:22.936745 #68340]  INFO -- : 0:  actionpack (4.0.3) from /Users/MightyMouse/.rvm/gems/ruby-2.0.0-p353/specifications/actionpack-4.0.3.gemspec
I, [2014-04-03T02:04:22.937024 #68340]  INFO -- : 0:  mime-types (1.25.1) from /Users/MightyMouse/.rvm/gems/ruby-2.0.0-p353@global/specifications/mime-types-1.25.1.gemspec
I, [2014-04-03T02:04:22.937312 #68340]  INFO -- : 0:  polyglot (0.3.4) from /Users/MightyMouse/.rvm/gems/ruby-2.0.0-p353/specifications/polyglot-0.3.4.gemspec
I, [2014-04-03T02:04:22.937701 #68340]  INFO -- : 0:  treetop (1.4.15) from /Users/MightyMouse/.rvm/gems/ruby-2.0.0-p353@global/specifications/treetop-1.4.15.gemspec
I, [2014-04-03T02:04:22.938068 #68340]  INFO -- : 0:  mail (2.5.4) from /Users/MightyMouse/.rvm/gems/ruby-2.0.0-p353@global/specifications/mail-2.5.4.gemspec
I, [2014-04-03T02:04:22.938352 #68340]  INFO -- : 0:  actionmailer (4.0.3) from /Users/MightyMouse/.rvm/gems/ruby-2.0.0-p353/specifications/actionmailer-4.0.3.gemspec
I, [2014-04-03T02:04:22.938693 #68340]  INFO -- : 0:  activemodel (4.0.3) from /Users/MightyMouse/.rvm/gems/ruby-2.0.0-p353/specifications/activemodel-4.0.3.gemspec
I, [2014-04-03T02:04:22.939022 #68340]  INFO -- : 0:  activerecord-deprecated_finders (1.0.3) from /Users/MightyMouse/.rvm/gems/ruby-2.0.0-p353@global/specifications/activerecord-deprecated_finders-1.0.3.gemspec
I, [2014-04-03T02:04:22.939300 #68340]  INFO -- : 0:  arel (4.0.2) from /Users/MightyMouse/.rvm/gems/ruby-2.0.0-p353/specifications/arel-4.0.2.gemspec
I, [2014-04-03T02:04:22.939704 #68340]  INFO -- : 0:  activerecord (4.0.3) from /Users/MightyMouse/.rvm/gems/ruby-2.0.0-p353/specifications/activerecord-4.0.3.gemspec
I, [2014-04-03T02:04:22.939989 #68340]  INFO -- : 0:  coffee-script-source (1.7.0) from /Users/MightyMouse/.rvm/gems/ruby-2.0.0-p353/specifications/coffee-script-source-1.7.0.gemspec
I, [2014-04-03T02:04:22.940286 #68340]  INFO -- : 0:  execjs (2.0.2) from /Users/MightyMouse/.rvm/gems/ruby-2.0.0-p353/specifications/execjs-2.0.2.gemspec
I, [2014-04-03T02:04:22.940560 #68340]  INFO -- : 0:  coffee-script (2.2.0) from /Users/MightyMouse/.rvm/gems/ruby-2.0.0-p353/specifications/coffee-script-2.2.0.gemspec
I, [2014-04-03T02:04:22.940837 #68340]  INFO -- : 0:  thor (0.19.1) from /Users/MightyMouse/.rvm/gems/ruby-2.0.0-p353/specifications/thor-0.19.1.gemspec
I, [2014-04-03T02:04:22.941110 #68340]  INFO -- : 0:  railties (4.0.3) from /Users/MightyMouse/.rvm/gems/ruby-2.0.0-p353/specifications/railties-4.0.3.gemspec
I, [2014-04-03T02:04:22.941380 #68340]  INFO -- : 0:  coffee-rails (4.0.1) from /Users/MightyMouse/.rvm/gems/ruby-2.0.0-p353/specifications/coffee-rails-4.0.1.gemspec
I, [2014-04-03T02:04:22.941656 #68340]  INFO -- : 0:  hike (1.2.3) from /Users/MightyMouse/.rvm/gems/ruby-2.0.0-p353@global/specifications/hike-1.2.3.gemspec
I, [2014-04-03T02:04:22.942016 #68340]  INFO -- : 0:  jbuilder (1.5.3) from /Users/MightyMouse/.rvm/gems/ruby-2.0.0-p353/specifications/jbuilder-1.5.3.gemspec
I, [2014-04-03T02:04:22.942348 #68340]  INFO -- : 0:  jquery-rails (3.1.0) from /Users/MightyMouse/.rvm/gems/ruby-2.0.0-p353/specifications/jquery-rails-3.1.0.gemspec
I, [2014-04-03T02:04:22.942665 #68340]  INFO -- : 0:  json (1.8.1) from /Users/MightyMouse/.rvm/gems/ruby-2.0.0-p353/specifications/json-1.8.1.gemspec
I, [2014-04-03T02:04:22.942955 #68340]  INFO -- : 0:  bundler (1.5.1) from /Users/MightyMouse/.rvm/gems/ruby-2.0.0-p353@global/specifications/bundler-1.5.1.gemspec
I, [2014-04-03T02:04:22.943254 #68340]  INFO -- : 0:  tilt (1.4.1) from /Users/MightyMouse/.rvm/gems/ruby-2.0.0-p353@global/specifications/tilt-1.4.1.gemspec
I, [2014-04-03T02:04:22.943555 #68340]  INFO -- : 0:  sprockets (2.11.0) from /Users/MightyMouse/.rvm/gems/ruby-2.0.0-p353/specifications/sprockets-2.11.0.gemspec
I, [2014-04-03T02:04:22.943852 #68340]  INFO -- : 0:  sprockets-rails (2.0.1) from /Users/MightyMouse/.rvm/gems/ruby-2.0.0-p353@global/specifications/sprockets-rails-2.0.1.gemspec
I, [2014-04-03T02:04:22.944148 #68340]  INFO -- : 0:  rails (4.0.3) from /Users/MightyMouse/.rvm/gems/ruby-2.0.0-p353/specifications/rails-4.0.3.gemspec
I, [2014-04-03T02:04:22.944451 #68340]  INFO -- : 0:  rdoc (4.1.1) from /Users/MightyMouse/.rvm/gems/ruby-2.0.0-p353/specifications/rdoc-4.1.1.gemspec
I, [2014-04-03T02:04:22.944816 #68340]  INFO -- : 0:  sass (3.2.18) from /Users/MightyMouse/.rvm/gems/ruby-2.0.0-p353/specifications/sass-3.2.18.gemspec
I, [2014-04-03T02:04:22.945121 #68340]  INFO -- : 0:  sass-rails (4.0.2) from /Users/MightyMouse/.rvm/gems/ruby-2.0.0-p353/specifications/sass-rails-4.0.2.gemspec
I, [2014-04-03T02:04:22.945381 #68340]  INFO -- : 0:  sdoc (0.4.0) from /Users/MightyMouse/.rvm/gems/ruby-2.0.0-p353/specifications/sdoc-0.4.0.gemspec
I, [2014-04-03T02:04:22.945640 #68340]  INFO -- : 0:  sqlite3 (1.3.9) from /Users/MightyMouse/.rvm/gems/ruby-2.0.0-p353/specifications/sqlite3-1.3.9.gemspec
I, [2014-04-03T02:04:22.945896 #68340]  INFO -- : 0:  turbolinks (2.2.1) from /Users/MightyMouse/.rvm/gems/ruby-2.0.0-p353/specifications/turbolinks-2.2.1.gemspec
I, [2014-04-03T02:04:22.946147 #68340]  INFO -- : 0:  uglifier (2.5.0) from /Users/MightyMouse/.rvm/gems/ruby-2.0.0-p353/specifications/uglifier-2.5.0.gemspec
