# Logfile created on 2014-04-15 14:16:44 -0700 by logger.rb/41954
I, [2014-04-15T14:16:44.354835 #85128]  INFO -- : 0:  rake (10.2.2) from /Users/MightyMouse/.rvm/gems/ruby-2.0.0-p353/specifications/rake-10.2.2.gemspec
I, [2014-04-15T14:16:44.355486 #85128]  INFO -- : 0:  i18n (0.6.9) from /Users/MightyMouse/.rvm/gems/ruby-2.0.0-p353@global/specifications/i18n-0.6.9.gemspec
I, [2014-04-15T14:16:44.355913 #85128]  INFO -- : 0:  minitest (4.7.5) from /Users/MightyMouse/.rvm/gems/ruby-2.0.0-p353/specifications/minitest-4.7.5.gemspec
I, [2014-04-15T14:16:44.356319 #85128]  INFO -- : 0:  multi_json (1.9.2) from /Users/MightyMouse/.rvm/gems/ruby-2.0.0-p353/specifications/multi_json-1.9.2.gemspec
I, [2014-04-15T14:16:44.356745 #85128]  INFO -- : 0:  thread_safe (0.3.3) from /Users/MightyMouse/.rvm/gems/ruby-2.0.0-p353/specifications/thread_safe-0.3.3.gemspec
I, [2014-04-15T14:16:44.357283 #85128]  INFO -- : 0:  tzinfo (0.3.39) from /Users/MightyMouse/.rvm/gems/ruby-2.0.0-p353/specifications/tzinfo-0.3.39.gemspec
I, [2014-04-15T14:16:44.357845 #85128]  INFO -- : 0:  activesupport (4.0.3) from /Users/MightyMouse/.rvm/gems/ruby-2.0.0-p353/specifications/activesupport-4.0.3.gemspec
I, [2014-04-15T14:16:44.358258 #85128]  INFO -- : 0:  builder (3.1.4) from /Users/MightyMouse/.rvm/gems/ruby-2.0.0-p353@global/specifications/builder-3.1.4.gemspec
I, [2014-04-15T14:16:44.358646 #85128]  INFO -- : 0:  erubis (2.7.0) from /Users/MightyMouse/.rvm/gems/ruby-2.0.0-p353@global/specifications/erubis-2.7.0.gemspec
I, [2014-04-15T14:16:44.359035 #85128]  INFO -- : 0:  rack (1.5.2) from /Users/MightyMouse/.rvm/gems/ruby-2.0.0-p353@global/specifications/rack-1.5.2.gemspec
I, [2014-04-15T14:16:44.359423 #85128]  INFO -- : 0:  rack-test (0.6.2) from /Users/MightyMouse/.rvm/gems/ruby-2.0.0-p353@global/specifications/rack-test-0.6.2.gemspec
I, [2014-04-15T14:16:44.359813 #85128]  INFO -- : 0:  actionpack (4.0.3) from /Users/MightyMouse/.rvm/gems/ruby-2.0.0-p353/specifications/actionpack-4.0.3.gemspec
I, [2014-04-15T14:16:44.360210 #85128]  INFO -- : 0:  mime-types (1.25.1) from /Users/MightyMouse/.rvm/gems/ruby-2.0.0-p353@global/specifications/mime-types-1.25.1.gemspec
I, [2014-04-15T14:16:44.360598 #85128]  INFO -- : 0:  polyglot (0.3.4) from /Users/MightyMouse/.rvm/gems/ruby-2.0.0-p353/specifications/polyglot-0.3.4.gemspec
I, [2014-04-15T14:16:44.360969 #85128]  INFO -- : 0:  treetop (1.4.15) from /Users/MightyMouse/.rvm/gems/ruby-2.0.0-p353@global/specifications/treetop-1.4.15.gemspec
I, [2014-04-15T14:16:44.361350 #85128]  INFO -- : 0:  mail (2.5.4) from /Users/MightyMouse/.rvm/gems/ruby-2.0.0-p353@global/specifications/mail-2.5.4.gemspec
I, [2014-04-15T14:16:44.361752 #85128]  INFO -- : 0:  actionmailer (4.0.3) from /Users/MightyMouse/.rvm/gems/ruby-2.0.0-p353/specifications/actionmailer-4.0.3.gemspec
I, [2014-04-15T14:16:44.362339 #85128]  INFO -- : 0:  activemodel (4.0.3) from /Users/MightyMouse/.rvm/gems/ruby-2.0.0-p353/specifications/activemodel-4.0.3.gemspec
I, [2014-04-15T14:16:44.362773 #85128]  INFO -- : 0:  activerecord-deprecated_finders (1.0.3) from /Users/MightyMouse/.rvm/gems/ruby-2.0.0-p353@global/specifications/activerecord-deprecated_finders-1.0.3.gemspec
I, [2014-04-15T14:16:44.363170 #85128]  INFO -- : 0:  arel (4.0.2) from /Users/MightyMouse/.rvm/gems/ruby-2.0.0-p353/specifications/arel-4.0.2.gemspec
I, [2014-04-15T14:16:44.363581 #85128]  INFO -- : 0:  activerecord (4.0.3) from /Users/MightyMouse/.rvm/gems/ruby-2.0.0-p353/specifications/activerecord-4.0.3.gemspec
I, [2014-04-15T14:16:44.364000 #85128]  INFO -- : 0:  bundler (1.5.1) from /Users/MightyMouse/.rvm/gems/ruby-2.0.0-p353@global/specifications/bundler-1.5.1.gemspec
I, [2014-04-15T14:16:44.364439 #85128]  INFO -- : 0:  coffee-script-source (1.7.0) from /Users/MightyMouse/.rvm/gems/ruby-2.0.0-p353/specifications/coffee-script-source-1.7.0.gemspec
I, [2014-04-15T14:16:44.364831 #85128]  INFO -- : 0:  execjs (2.0.2) from /Users/MightyMouse/.rvm/gems/ruby-2.0.0-p353/specifications/execjs-2.0.2.gemspec
I, [2014-04-15T14:16:44.365210 #85128]  INFO -- : 0:  coffee-script (2.2.0) from /Users/MightyMouse/.rvm/gems/ruby-2.0.0-p353/specifications/coffee-script-2.2.0.gemspec
I, [2014-04-15T14:16:44.365626 #85128]  INFO -- : 0:  thor (0.19.1) from /Users/MightyMouse/.rvm/gems/ruby-2.0.0-p353/specifications/thor-0.19.1.gemspec
I, [2014-04-15T14:16:44.366054 #85128]  INFO -- : 0:  railties (4.0.3) from /Users/MightyMouse/.rvm/gems/ruby-2.0.0-p353/specifications/railties-4.0.3.gemspec
I, [2014-04-15T14:16:44.366479 #85128]  INFO -- : 0:  coffee-rails (4.0.1) from /Users/MightyMouse/.rvm/gems/ruby-2.0.0-p353/specifications/coffee-rails-4.0.1.gemspec
I, [2014-04-15T14:16:44.366913 #85128]  INFO -- : 0:  hike (1.2.3) from /Users/MightyMouse/.rvm/gems/ruby-2.0.0-p353@global/specifications/hike-1.2.3.gemspec
I, [2014-04-15T14:16:44.367365 #85128]  INFO -- : 0:  jbuilder (1.5.3) from /Users/MightyMouse/.rvm/gems/ruby-2.0.0-p353/specifications/jbuilder-1.5.3.gemspec
I, [2014-04-15T14:16:44.367820 #85128]  INFO -- : 0:  jquery-rails (3.1.0) from /Users/MightyMouse/.rvm/gems/ruby-2.0.0-p353/specifications/jquery-rails-3.1.0.gemspec
I, [2014-04-15T14:16:44.368269 #85128]  INFO -- : 0:  json (1.8.1) from /Users/MightyMouse/.rvm/gems/ruby-2.0.0-p353/specifications/json-1.8.1.gemspec
I, [2014-04-15T14:16:44.368701 #85128]  INFO -- : 0:  tilt (1.4.1) from /Users/MightyMouse/.rvm/gems/ruby-2.0.0-p353@global/specifications/tilt-1.4.1.gemspec
I, [2014-04-15T14:16:44.369138 #85128]  INFO -- : 0:  sprockets (2.11.0) from /Users/MightyMouse/.rvm/gems/ruby-2.0.0-p353/specifications/sprockets-2.11.0.gemspec
I, [2014-04-15T14:16:44.369606 #85128]  INFO -- : 0:  sprockets-rails (2.0.1) from /Users/MightyMouse/.rvm/gems/ruby-2.0.0-p353@global/specifications/sprockets-rails-2.0.1.gemspec
I, [2014-04-15T14:16:44.370058 #85128]  INFO -- : 0:  rails (4.0.3) from /Users/MightyMouse/.rvm/gems/ruby-2.0.0-p353/specifications/rails-4.0.3.gemspec
I, [2014-04-15T14:16:44.370511 #85128]  INFO -- : 0:  rdoc (4.1.1) from /Users/MightyMouse/.rvm/gems/ruby-2.0.0-p353/specifications/rdoc-4.1.1.gemspec
I, [2014-04-15T14:16:44.370929 #85128]  INFO -- : 0:  sass (3.2.19) from /Users/MightyMouse/.rvm/gems/ruby-2.0.0-p353/specifications/sass-3.2.19.gemspec
I, [2014-04-15T14:16:44.371339 #85128]  INFO -- : 0:  sass-rails (4.0.3) from /Users/MightyMouse/.rvm/gems/ruby-2.0.0-p353/specifications/sass-rails-4.0.3.gemspec
I, [2014-04-15T14:16:44.371741 #85128]  INFO -- : 0:  sdoc (0.4.0) from /Users/MightyMouse/.rvm/gems/ruby-2.0.0-p353/specifications/sdoc-0.4.0.gemspec
I, [2014-04-15T14:16:44.372228 #85128]  INFO -- : 0:  sqlite3 (1.3.9) from /Users/MightyMouse/.rvm/gems/ruby-2.0.0-p353/specifications/sqlite3-1.3.9.gemspec
I, [2014-04-15T14:16:44.372639 #85128]  INFO -- : 0:  turbolinks (2.2.2) from /Users/MightyMouse/.rvm/gems/ruby-2.0.0-p353/specifications/turbolinks-2.2.2.gemspec
I, [2014-04-15T14:16:44.373029 #85128]  INFO -- : 0:  uglifier (2.5.0) from /Users/MightyMouse/.rvm/gems/ruby-2.0.0-p353/specifications/uglifier-2.5.0.gemspec
