# Logfile created on 2014-04-08 17:01:02 -0700 by logger.rb/41954
I, [2014-04-08T17:01:02.299056 #18723]  INFO -- : 0:  rake (10.2.2) from /Users/MightyMouse/.rvm/gems/ruby-2.0.0-p353/specifications/rake-10.2.2.gemspec
I, [2014-04-08T17:01:02.299447 #18723]  INFO -- : 0:  i18n (0.6.9) from /Users/MightyMouse/.rvm/gems/ruby-2.0.0-p353@global/specifications/i18n-0.6.9.gemspec
I, [2014-04-08T17:01:02.299701 #18723]  INFO -- : 0:  minitest (4.7.5) from /Users/MightyMouse/.rvm/gems/ruby-2.0.0-p353/specifications/minitest-4.7.5.gemspec
I, [2014-04-08T17:01:02.299952 #18723]  INFO -- : 0:  multi_json (1.9.2) from /Users/MightyMouse/.rvm/gems/ruby-2.0.0-p353/specifications/multi_json-1.9.2.gemspec
I, [2014-04-08T17:01:03.527343 #18723]  INFO -- : 0:  thread_safe (0.3.3) from /Users/MightyMouse/.rvm/gems/ruby-2.0.0-p353/specifications/thread_safe-0.3.3.gemspec
I, [2014-04-08T17:01:03.527844 #18723]  INFO -- : 0:  tzinfo (0.3.39) from /Users/MightyMouse/.rvm/gems/ruby-2.0.0-p353/specifications/tzinfo-0.3.39.gemspec
I, [2014-04-08T17:01:03.528175 #18723]  INFO -- : 0:  activesupport (4.0.3) from /Users/MightyMouse/.rvm/gems/ruby-2.0.0-p353/specifications/activesupport-4.0.3.gemspec
I, [2014-04-08T17:01:03.528494 #18723]  INFO -- : 0:  builder (3.1.4) from /Users/MightyMouse/.rvm/gems/ruby-2.0.0-p353@global/specifications/builder-3.1.4.gemspec
I, [2014-04-08T17:01:03.528874 #18723]  INFO -- : 0:  erubis (2.7.0) from /Users/MightyMouse/.rvm/gems/ruby-2.0.0-p353@global/specifications/erubis-2.7.0.gemspec
I, [2014-04-08T17:01:03.529365 #18723]  INFO -- : 0:  rack (1.5.2) from /Users/MightyMouse/.rvm/gems/ruby-2.0.0-p353@global/specifications/rack-1.5.2.gemspec
I, [2014-04-08T17:01:03.529846 #18723]  INFO -- : 0:  rack-test (0.6.2) from /Users/MightyMouse/.rvm/gems/ruby-2.0.0-p353@global/specifications/rack-test-0.6.2.gemspec
I, [2014-04-08T17:01:03.530348 #18723]  INFO -- : 0:  actionpack (4.0.3) from /Users/MightyMouse/.rvm/gems/ruby-2.0.0-p353/specifications/actionpack-4.0.3.gemspec
I, [2014-04-08T17:01:03.530832 #18723]  INFO -- : 0:  mime-types (1.25.1) from /Users/MightyMouse/.rvm/gems/ruby-2.0.0-p353@global/specifications/mime-types-1.25.1.gemspec
I, [2014-04-08T17:01:03.531323 #18723]  INFO -- : 0:  polyglot (0.3.4) from /Users/MightyMouse/.rvm/gems/ruby-2.0.0-p353/specifications/polyglot-0.3.4.gemspec
I, [2014-04-08T17:01:03.531808 #18723]  INFO -- : 0:  treetop (1.4.15) from /Users/MightyMouse/.rvm/gems/ruby-2.0.0-p353@global/specifications/treetop-1.4.15.gemspec
I, [2014-04-08T17:01:03.532283 #18723]  INFO -- : 0:  mail (2.5.4) from /Users/MightyMouse/.rvm/gems/ruby-2.0.0-p353@global/specifications/mail-2.5.4.gemspec
I, [2014-04-08T17:01:03.532768 #18723]  INFO -- : 0:  actionmailer (4.0.3) from /Users/MightyMouse/.rvm/gems/ruby-2.0.0-p353/specifications/actionmailer-4.0.3.gemspec
I, [2014-04-08T17:01:03.533249 #18723]  INFO -- : 0:  activemodel (4.0.3) from /Users/MightyMouse/.rvm/gems/ruby-2.0.0-p353/specifications/activemodel-4.0.3.gemspec
I, [2014-04-08T17:01:03.533727 #18723]  INFO -- : 0:  activerecord-deprecated_finders (1.0.3) from /Users/MightyMouse/.rvm/gems/ruby-2.0.0-p353@global/specifications/activerecord-deprecated_finders-1.0.3.gemspec
I, [2014-04-08T17:01:03.534217 #18723]  INFO -- : 0:  arel (4.0.2) from /Users/MightyMouse/.rvm/gems/ruby-2.0.0-p353/specifications/arel-4.0.2.gemspec
I, [2014-04-08T17:01:03.534711 #18723]  INFO -- : 0:  activerecord (4.0.3) from /Users/MightyMouse/.rvm/gems/ruby-2.0.0-p353/specifications/activerecord-4.0.3.gemspec
I, [2014-04-08T17:01:03.535184 #18723]  INFO -- : 0:  bundler (1.5.1) from /Users/MightyMouse/.rvm/gems/ruby-2.0.0-p353@global/specifications/bundler-1.5.1.gemspec
I, [2014-04-08T17:01:03.535629 #18723]  INFO -- : 0:  coffee-script-source (1.7.0) from /Users/MightyMouse/.rvm/gems/ruby-2.0.0-p353/specifications/coffee-script-source-1.7.0.gemspec
I, [2014-04-08T17:01:03.536062 #18723]  INFO -- : 0:  execjs (2.0.2) from /Users/MightyMouse/.rvm/gems/ruby-2.0.0-p353/specifications/execjs-2.0.2.gemspec
I, [2014-04-08T17:01:03.536492 #18723]  INFO -- : 0:  coffee-script (2.2.0) from /Users/MightyMouse/.rvm/gems/ruby-2.0.0-p353/specifications/coffee-script-2.2.0.gemspec
I, [2014-04-08T17:01:03.536956 #18723]  INFO -- : 0:  thor (0.19.1) from /Users/MightyMouse/.rvm/gems/ruby-2.0.0-p353/specifications/thor-0.19.1.gemspec
I, [2014-04-08T17:01:03.537396 #18723]  INFO -- : 0:  railties (4.0.3) from /Users/MightyMouse/.rvm/gems/ruby-2.0.0-p353/specifications/railties-4.0.3.gemspec
I, [2014-04-08T17:01:03.537825 #18723]  INFO -- : 0:  coffee-rails (4.0.1) from /Users/MightyMouse/.rvm/gems/ruby-2.0.0-p353/specifications/coffee-rails-4.0.1.gemspec
I, [2014-04-08T17:01:03.538251 #18723]  INFO -- : 0:  hike (1.2.3) from /Users/MightyMouse/.rvm/gems/ruby-2.0.0-p353@global/specifications/hike-1.2.3.gemspec
I, [2014-04-08T17:01:03.538688 #18723]  INFO -- : 0:  jbuilder (1.5.3) from /Users/MightyMouse/.rvm/gems/ruby-2.0.0-p353/specifications/jbuilder-1.5.3.gemspec
I, [2014-04-08T17:01:03.538954 #18723]  INFO -- : 0:  jquery-rails (3.1.0) from /Users/MightyMouse/.rvm/gems/ruby-2.0.0-p353/specifications/jquery-rails-3.1.0.gemspec
I, [2014-04-08T17:01:03.539226 #18723]  INFO -- : 0:  json (1.8.1) from /Users/MightyMouse/.rvm/gems/ruby-2.0.0-p353/specifications/json-1.8.1.gemspec
I, [2014-04-08T17:01:03.539475 #18723]  INFO -- : 0:  tilt (1.4.1) from /Users/MightyMouse/.rvm/gems/ruby-2.0.0-p353@global/specifications/tilt-1.4.1.gemspec
I, [2014-04-08T17:01:03.539726 #18723]  INFO -- : 0:  sprockets (2.11.0) from /Users/MightyMouse/.rvm/gems/ruby-2.0.0-p353/specifications/sprockets-2.11.0.gemspec
I, [2014-04-08T17:01:03.539973 #18723]  INFO -- : 0:  sprockets-rails (2.0.1) from /Users/MightyMouse/.rvm/gems/ruby-2.0.0-p353@global/specifications/sprockets-rails-2.0.1.gemspec
I, [2014-04-08T17:01:03.540219 #18723]  INFO -- : 0:  rails (4.0.3) from /Users/MightyMouse/.rvm/gems/ruby-2.0.0-p353/specifications/rails-4.0.3.gemspec
I, [2014-04-08T17:01:03.540470 #18723]  INFO -- : 0:  rdoc (4.1.1) from /Users/MightyMouse/.rvm/gems/ruby-2.0.0-p353/specifications/rdoc-4.1.1.gemspec
I, [2014-04-08T17:01:04.460750 #18723]  INFO -- : 0:  sass (3.2.19) from /Users/MightyMouse/.rvm/gems/ruby-2.0.0-p353/specifications/sass-3.2.19.gemspec
I, [2014-04-08T17:01:05.231127 #18723]  INFO -- : 0:  sass-rails (4.0.3) from /Users/MightyMouse/.rvm/gems/ruby-2.0.0-p353/specifications/sass-rails-4.0.3.gemspec
I, [2014-04-08T17:01:05.231756 #18723]  INFO -- : 0:  sdoc (0.4.0) from /Users/MightyMouse/.rvm/gems/ruby-2.0.0-p353/specifications/sdoc-0.4.0.gemspec
I, [2014-04-08T17:01:05.232208 #18723]  INFO -- : 0:  sqlite3 (1.3.9) from /Users/MightyMouse/.rvm/gems/ruby-2.0.0-p353/specifications/sqlite3-1.3.9.gemspec
I, [2014-04-08T17:01:06.015522 #18723]  INFO -- : 0:  turbolinks (2.2.2) from /Users/MightyMouse/.rvm/gems/ruby-2.0.0-p353/specifications/turbolinks-2.2.2.gemspec
I, [2014-04-08T17:01:06.015950 #18723]  INFO -- : 0:  uglifier (2.5.0) from /Users/MightyMouse/.rvm/gems/ruby-2.0.0-p353/specifications/uglifier-2.5.0.gemspec
I, [2014-04-08T17:15:01.537859 #21288]  INFO -- : 0:  rake (10.2.2) from /Users/MightyMouse/.rvm/gems/ruby-2.0.0-p353/specifications/rake-10.2.2.gemspec
I, [2014-04-08T17:15:01.538255 #21288]  INFO -- : 0:  i18n (0.6.9) from /Users/MightyMouse/.rvm/gems/ruby-2.0.0-p353@global/specifications/i18n-0.6.9.gemspec
I, [2014-04-08T17:15:01.538717 #21288]  INFO -- : 0:  minitest (4.7.5) from /Users/MightyMouse/.rvm/gems/ruby-2.0.0-p353/specifications/minitest-4.7.5.gemspec
I, [2014-04-08T17:15:01.539126 #21288]  INFO -- : 0:  multi_json (1.9.2) from /Users/MightyMouse/.rvm/gems/ruby-2.0.0-p353/specifications/multi_json-1.9.2.gemspec
I, [2014-04-08T17:15:01.539539 #21288]  INFO -- : 0:  thread_safe (0.3.3) from /Users/MightyMouse/.rvm/gems/ruby-2.0.0-p353/specifications/thread_safe-0.3.3.gemspec
I, [2014-04-08T17:15:01.539941 #21288]  INFO -- : 0:  tzinfo (0.3.39) from /Users/MightyMouse/.rvm/gems/ruby-2.0.0-p353/specifications/tzinfo-0.3.39.gemspec
I, [2014-04-08T17:15:01.540371 #21288]  INFO -- : 0:  activesupport (4.0.3) from /Users/MightyMouse/.rvm/gems/ruby-2.0.0-p353/specifications/activesupport-4.0.3.gemspec
I, [2014-04-08T17:15:01.540812 #21288]  INFO -- : 0:  builder (3.1.4) from /Users/MightyMouse/.rvm/gems/ruby-2.0.0-p353@global/specifications/builder-3.1.4.gemspec
I, [2014-04-08T17:15:01.541256 #21288]  INFO -- : 0:  erubis (2.7.0) from /Users/MightyMouse/.rvm/gems/ruby-2.0.0-p353@global/specifications/erubis-2.7.0.gemspec
I, [2014-04-08T17:15:01.541697 #21288]  INFO -- : 0:  rack (1.5.2) from /Users/MightyMouse/.rvm/gems/ruby-2.0.0-p353@global/specifications/rack-1.5.2.gemspec
I, [2014-04-08T17:15:01.542136 #21288]  INFO -- : 0:  rack-test (0.6.2) from /Users/MightyMouse/.rvm/gems/ruby-2.0.0-p353@global/specifications/rack-test-0.6.2.gemspec
I, [2014-04-08T17:15:01.542567 #21288]  INFO -- : 0:  actionpack (4.0.3) from /Users/MightyMouse/.rvm/gems/ruby-2.0.0-p353/specifications/actionpack-4.0.3.gemspec
I, [2014-04-08T17:15:01.542967 #21288]  INFO -- : 0:  mime-types (1.25.1) from /Users/MightyMouse/.rvm/gems/ruby-2.0.0-p353@global/specifications/mime-types-1.25.1.gemspec
I, [2014-04-08T17:15:01.543385 #21288]  INFO -- : 0:  polyglot (0.3.4) from /Users/MightyMouse/.rvm/gems/ruby-2.0.0-p353/specifications/polyglot-0.3.4.gemspec
I, [2014-04-08T17:15:01.543816 #21288]  INFO -- : 0:  treetop (1.4.15) from /Users/MightyMouse/.rvm/gems/ruby-2.0.0-p353@global/specifications/treetop-1.4.15.gemspec
I, [2014-04-08T17:15:01.544230 #21288]  INFO -- : 0:  mail (2.5.4) from /Users/MightyMouse/.rvm/gems/ruby-2.0.0-p353@global/specifications/mail-2.5.4.gemspec
I, [2014-04-08T17:15:01.544640 #21288]  INFO -- : 0:  actionmailer (4.0.3) from /Users/MightyMouse/.rvm/gems/ruby-2.0.0-p353/specifications/actionmailer-4.0.3.gemspec
I, [2014-04-08T17:15:01.545064 #21288]  INFO -- : 0:  activemodel (4.0.3) from /Users/MightyMouse/.rvm/gems/ruby-2.0.0-p353/specifications/activemodel-4.0.3.gemspec
I, [2014-04-08T17:15:01.545485 #21288]  INFO -- : 0:  activerecord-deprecated_finders (1.0.3) from /Users/MightyMouse/.rvm/gems/ruby-2.0.0-p353@global/specifications/activerecord-deprecated_finders-1.0.3.gemspec
I, [2014-04-08T17:15:01.545906 #21288]  INFO -- : 0:  arel (4.0.2) from /Users/MightyMouse/.rvm/gems/ruby-2.0.0-p353/specifications/arel-4.0.2.gemspec
I, [2014-04-08T17:15:01.549566 #21288]  INFO -- : 0:  activerecord (4.0.3) from /Users/MightyMouse/.rvm/gems/ruby-2.0.0-p353/specifications/activerecord-4.0.3.gemspec
I, [2014-04-08T17:15:11.663089 #21288]  INFO -- : 0:  bcrypt (3.1.7) from /Users/MightyMouse/.rvm/gems/ruby-2.0.0-p353/specifications/bcrypt-3.1.7.gemspec
I, [2014-04-08T17:15:12.111970 #21288]  INFO -- : 0:  bcrypt-ruby (3.1.5) from /Users/MightyMouse/.rvm/gems/ruby-2.0.0-p353/specifications/bcrypt-ruby-3.1.5.gemspec
I, [2014-04-08T17:15:12.112608 #21288]  INFO -- : 0:  bundler (1.5.1) from /Users/MightyMouse/.rvm/gems/ruby-2.0.0-p353@global/specifications/bundler-1.5.1.gemspec
I, [2014-04-08T17:15:12.113220 #21288]  INFO -- : 0:  coffee-script-source (1.7.0) from /Users/MightyMouse/.rvm/gems/ruby-2.0.0-p353/specifications/coffee-script-source-1.7.0.gemspec
I, [2014-04-08T17:15:12.114954 #21288]  INFO -- : 0:  execjs (2.0.2) from /Users/MightyMouse/.rvm/gems/ruby-2.0.0-p353/specifications/execjs-2.0.2.gemspec
I, [2014-04-08T17:15:12.115923 #21288]  INFO -- : 0:  coffee-script (2.2.0) from /Users/MightyMouse/.rvm/gems/ruby-2.0.0-p353/specifications/coffee-script-2.2.0.gemspec
I, [2014-04-08T17:15:12.117938 #21288]  INFO -- : 0:  thor (0.19.1) from /Users/MightyMouse/.rvm/gems/ruby-2.0.0-p353/specifications/thor-0.19.1.gemspec
I, [2014-04-08T17:15:12.118538 #21288]  INFO -- : 0:  railties (4.0.3) from /Users/MightyMouse/.rvm/gems/ruby-2.0.0-p353/specifications/railties-4.0.3.gemspec
I, [2014-04-08T17:15:12.119108 #21288]  INFO -- : 0:  coffee-rails (4.0.1) from /Users/MightyMouse/.rvm/gems/ruby-2.0.0-p353/specifications/coffee-rails-4.0.1.gemspec
I, [2014-04-08T17:15:12.120175 #21288]  INFO -- : 0:  hike (1.2.3) from /Users/MightyMouse/.rvm/gems/ruby-2.0.0-p353@global/specifications/hike-1.2.3.gemspec
I, [2014-04-08T17:15:12.122709 #21288]  INFO -- : 0:  jbuilder (1.5.3) from /Users/MightyMouse/.rvm/gems/ruby-2.0.0-p353/specifications/jbuilder-1.5.3.gemspec
I, [2014-04-08T17:15:12.123498 #21288]  INFO -- : 0:  jquery-rails (3.1.0) from /Users/MightyMouse/.rvm/gems/ruby-2.0.0-p353/specifications/jquery-rails-3.1.0.gemspec
I, [2014-04-08T17:15:12.124182 #21288]  INFO -- : 0:  json (1.8.1) from /Users/MightyMouse/.rvm/gems/ruby-2.0.0-p353/specifications/json-1.8.1.gemspec
I, [2014-04-08T17:15:12.124892 #21288]  INFO -- : 0:  tilt (1.4.1) from /Users/MightyMouse/.rvm/gems/ruby-2.0.0-p353@global/specifications/tilt-1.4.1.gemspec
I, [2014-04-08T17:15:12.125576 #21288]  INFO -- : 0:  sprockets (2.11.0) from /Users/MightyMouse/.rvm/gems/ruby-2.0.0-p353/specifications/sprockets-2.11.0.gemspec
I, [2014-04-08T17:15:12.126377 #21288]  INFO -- : 0:  sprockets-rails (2.0.1) from /Users/MightyMouse/.rvm/gems/ruby-2.0.0-p353@global/specifications/sprockets-rails-2.0.1.gemspec
I, [2014-04-08T17:15:12.126906 #21288]  INFO -- : 0:  rails (4.0.3) from /Users/MightyMouse/.rvm/gems/ruby-2.0.0-p353/specifications/rails-4.0.3.gemspec
I, [2014-04-08T17:15:12.127465 #21288]  INFO -- : 0:  rdoc (4.1.1) from /Users/MightyMouse/.rvm/gems/ruby-2.0.0-p353/specifications/rdoc-4.1.1.gemspec
I, [2014-04-08T17:15:12.128051 #21288]  INFO -- : 0:  sass (3.2.19) from /Users/MightyMouse/.rvm/gems/ruby-2.0.0-p353/specifications/sass-3.2.19.gemspec
I, [2014-04-08T17:15:12.129066 #21288]  INFO -- : 0:  sass-rails (4.0.3) from /Users/MightyMouse/.rvm/gems/ruby-2.0.0-p353/specifications/sass-rails-4.0.3.gemspec
I, [2014-04-08T17:15:12.130294 #21288]  INFO -- : 0:  sdoc (0.4.0) from /Users/MightyMouse/.rvm/gems/ruby-2.0.0-p353/specifications/sdoc-0.4.0.gemspec
I, [2014-04-08T17:15:12.130902 #21288]  INFO -- : 0:  sqlite3 (1.3.9) from /Users/MightyMouse/.rvm/gems/ruby-2.0.0-p353/specifications/sqlite3-1.3.9.gemspec
I, [2014-04-08T17:15:12.131690 #21288]  INFO -- : 0:  turbolinks (2.2.2) from /Users/MightyMouse/.rvm/gems/ruby-2.0.0-p353/specifications/turbolinks-2.2.2.gemspec
I, [2014-04-08T17:15:12.132207 #21288]  INFO -- : 0:  uglifier (2.5.0) from /Users/MightyMouse/.rvm/gems/ruby-2.0.0-p353/specifications/uglifier-2.5.0.gemspec
I, [2014-04-08T17:16:08.745694 #21449]  INFO -- : 0:  rake (10.2.2) from /Users/MightyMouse/.rvm/gems/ruby-2.0.0-p353/specifications/rake-10.2.2.gemspec
I, [2014-04-08T17:16:08.746235 #21449]  INFO -- : 0:  i18n (0.6.9) from /Users/MightyMouse/.rvm/gems/ruby-2.0.0-p353@global/specifications/i18n-0.6.9.gemspec
I, [2014-04-08T17:16:08.746612 #21449]  INFO -- : 0:  minitest (4.7.5) from /Users/MightyMouse/.rvm/gems/ruby-2.0.0-p353/specifications/minitest-4.7.5.gemspec
I, [2014-04-08T17:16:08.746939 #21449]  INFO -- : 0:  multi_json (1.9.2) from /Users/MightyMouse/.rvm/gems/ruby-2.0.0-p353/specifications/multi_json-1.9.2.gemspec
I, [2014-04-08T17:16:08.747281 #21449]  INFO -- : 0:  thread_safe (0.3.3) from /Users/MightyMouse/.rvm/gems/ruby-2.0.0-p353/specifications/thread_safe-0.3.3.gemspec
I, [2014-04-08T17:16:08.747605 #21449]  INFO -- : 0:  tzinfo (0.3.39) from /Users/MightyMouse/.rvm/gems/ruby-2.0.0-p353/specifications/tzinfo-0.3.39.gemspec
I, [2014-04-08T17:16:08.747939 #21449]  INFO -- : 0:  activesupport (4.0.3) from /Users/MightyMouse/.rvm/gems/ruby-2.0.0-p353/specifications/activesupport-4.0.3.gemspec
I, [2014-04-08T17:16:08.748255 #21449]  INFO -- : 0:  builder (3.1.4) from /Users/MightyMouse/.rvm/gems/ruby-2.0.0-p353@global/specifications/builder-3.1.4.gemspec
I, [2014-04-08T17:16:08.748558 #21449]  INFO -- : 0:  erubis (2.7.0) from /Users/MightyMouse/.rvm/gems/ruby-2.0.0-p353@global/specifications/erubis-2.7.0.gemspec
I, [2014-04-08T17:16:08.748865 #21449]  INFO -- : 0:  rack (1.5.2) from /Users/MightyMouse/.rvm/gems/ruby-2.0.0-p353@global/specifications/rack-1.5.2.gemspec
I, [2014-04-08T17:16:08.749132 #21449]  INFO -- : 0:  rack-test (0.6.2) from /Users/MightyMouse/.rvm/gems/ruby-2.0.0-p353@global/specifications/rack-test-0.6.2.gemspec
I, [2014-04-08T17:16:08.749710 #21449]  INFO -- : 0:  actionpack (4.0.3) from /Users/MightyMouse/.rvm/gems/ruby-2.0.0-p353/specifications/actionpack-4.0.3.gemspec
I, [2014-04-08T17:16:08.750215 #21449]  INFO -- : 0:  mime-types (1.25.1) from /Users/MightyMouse/.rvm/gems/ruby-2.0.0-p353@global/specifications/mime-types-1.25.1.gemspec
I, [2014-04-08T17:16:08.750692 #21449]  INFO -- : 0:  polyglot (0.3.4) from /Users/MightyMouse/.rvm/gems/ruby-2.0.0-p353/specifications/polyglot-0.3.4.gemspec
I, [2014-04-08T17:16:08.751108 #21449]  INFO -- : 0:  treetop (1.4.15) from /Users/MightyMouse/.rvm/gems/ruby-2.0.0-p353@global/specifications/treetop-1.4.15.gemspec
I, [2014-04-08T17:16:08.751526 #21449]  INFO -- : 0:  mail (2.5.4) from /Users/MightyMouse/.rvm/gems/ruby-2.0.0-p353@global/specifications/mail-2.5.4.gemspec
I, [2014-04-08T17:16:08.751926 #21449]  INFO -- : 0:  actionmailer (4.0.3) from /Users/MightyMouse/.rvm/gems/ruby-2.0.0-p353/specifications/actionmailer-4.0.3.gemspec
I, [2014-04-08T17:16:08.752361 #21449]  INFO -- : 0:  activemodel (4.0.3) from /Users/MightyMouse/.rvm/gems/ruby-2.0.0-p353/specifications/activemodel-4.0.3.gemspec
I, [2014-04-08T17:16:08.752735 #21449]  INFO -- : 0:  activerecord-deprecated_finders (1.0.3) from /Users/MightyMouse/.rvm/gems/ruby-2.0.0-p353@global/specifications/activerecord-deprecated_finders-1.0.3.gemspec
I, [2014-04-08T17:16:08.753104 #21449]  INFO -- : 0:  arel (4.0.2) from /Users/MightyMouse/.rvm/gems/ruby-2.0.0-p353/specifications/arel-4.0.2.gemspec
I, [2014-04-08T17:16:08.753429 #21449]  INFO -- : 0:  activerecord (4.0.3) from /Users/MightyMouse/.rvm/gems/ruby-2.0.0-p353/specifications/activerecord-4.0.3.gemspec
I, [2014-04-08T17:16:08.753757 #21449]  INFO -- : 0:  bcrypt (3.1.7) from /Users/MightyMouse/.rvm/gems/ruby-2.0.0-p353/specifications/bcrypt-3.1.7.gemspec
I, [2014-04-08T17:16:08.754087 #21449]  INFO -- : 0:  bundler (1.5.1) from /Users/MightyMouse/.rvm/gems/ruby-2.0.0-p353@global/specifications/bundler-1.5.1.gemspec
I, [2014-04-08T17:16:08.754502 #21449]  INFO -- : 0:  coffee-script-source (1.7.0) from /Users/MightyMouse/.rvm/gems/ruby-2.0.0-p353/specifications/coffee-script-source-1.7.0.gemspec
I, [2014-04-08T17:16:08.754893 #21449]  INFO -- : 0:  execjs (2.0.2) from /Users/MightyMouse/.rvm/gems/ruby-2.0.0-p353/specifications/execjs-2.0.2.gemspec
I, [2014-04-08T17:16:08.755261 #21449]  INFO -- : 0:  coffee-script (2.2.0) from /Users/MightyMouse/.rvm/gems/ruby-2.0.0-p353/specifications/coffee-script-2.2.0.gemspec
I, [2014-04-08T17:16:08.755614 #21449]  INFO -- : 0:  thor (0.19.1) from /Users/MightyMouse/.rvm/gems/ruby-2.0.0-p353/specifications/thor-0.19.1.gemspec
I, [2014-04-08T17:16:08.755948 #21449]  INFO -- : 0:  railties (4.0.3) from /Users/MightyMouse/.rvm/gems/ruby-2.0.0-p353/specifications/railties-4.0.3.gemspec
I, [2014-04-08T17:16:08.756266 #21449]  INFO -- : 0:  coffee-rails (4.0.1) from /Users/MightyMouse/.rvm/gems/ruby-2.0.0-p353/specifications/coffee-rails-4.0.1.gemspec
I, [2014-04-08T17:16:08.756582 #21449]  INFO -- : 0:  hike (1.2.3) from /Users/MightyMouse/.rvm/gems/ruby-2.0.0-p353@global/specifications/hike-1.2.3.gemspec
I, [2014-04-08T17:16:08.756932 #21449]  INFO -- : 0:  jbuilder (1.5.3) from /Users/MightyMouse/.rvm/gems/ruby-2.0.0-p353/specifications/jbuilder-1.5.3.gemspec
I, [2014-04-08T17:16:08.757388 #21449]  INFO -- : 0:  jquery-rails (3.1.0) from /Users/MightyMouse/.rvm/gems/ruby-2.0.0-p353/specifications/jquery-rails-3.1.0.gemspec
I, [2014-04-08T17:16:08.758035 #21449]  INFO -- : 0:  json (1.8.1) from /Users/MightyMouse/.rvm/gems/ruby-2.0.0-p353/specifications/json-1.8.1.gemspec
I, [2014-04-08T17:16:08.758536 #21449]  INFO -- : 0:  tilt (1.4.1) from /Users/MightyMouse/.rvm/gems/ruby-2.0.0-p353@global/specifications/tilt-1.4.1.gemspec
I, [2014-04-08T17:16:08.758948 #21449]  INFO -- : 0:  sprockets (2.11.0) from /Users/MightyMouse/.rvm/gems/ruby-2.0.0-p353/specifications/sprockets-2.11.0.gemspec
I, [2014-04-08T17:16:08.759239 #21449]  INFO -- : 0:  sprockets-rails (2.0.1) from /Users/MightyMouse/.rvm/gems/ruby-2.0.0-p353@global/specifications/sprockets-rails-2.0.1.gemspec
I, [2014-04-08T17:16:08.759511 #21449]  INFO -- : 0:  rails (4.0.3) from /Users/MightyMouse/.rvm/gems/ruby-2.0.0-p353/specifications/rails-4.0.3.gemspec
I, [2014-04-08T17:16:08.759812 #21449]  INFO -- : 0:  rdoc (4.1.1) from /Users/MightyMouse/.rvm/gems/ruby-2.0.0-p353/specifications/rdoc-4.1.1.gemspec
I, [2014-04-08T17:16:08.766337 #21449]  INFO -- : 0:  sass (3.2.19) from /Users/MightyMouse/.rvm/gems/ruby-2.0.0-p353/specifications/sass-3.2.19.gemspec
I, [2014-04-08T17:16:08.766835 #21449]  INFO -- : 0:  sass-rails (4.0.3) from /Users/MightyMouse/.rvm/gems/ruby-2.0.0-p353/specifications/sass-rails-4.0.3.gemspec
I, [2014-04-08T17:16:08.767160 #21449]  INFO -- : 0:  sdoc (0.4.0) from /Users/MightyMouse/.rvm/gems/ruby-2.0.0-p353/specifications/sdoc-0.4.0.gemspec
I, [2014-04-08T17:16:08.767576 #21449]  INFO -- : 0:  sqlite3 (1.3.9) from /Users/MightyMouse/.rvm/gems/ruby-2.0.0-p353/specifications/sqlite3-1.3.9.gemspec
I, [2014-04-08T17:16:08.768087 #21449]  INFO -- : 0:  turbolinks (2.2.2) from /Users/MightyMouse/.rvm/gems/ruby-2.0.0-p353/specifications/turbolinks-2.2.2.gemspec
I, [2014-04-08T17:16:08.768583 #21449]  INFO -- : 0:  uglifier (2.5.0) from /Users/MightyMouse/.rvm/gems/ruby-2.0.0-p353/specifications/uglifier-2.5.0.gemspec
I, [2014-04-08T17:53:38.910967 #23134]  INFO -- : 0:  rake (10.2.2) from /Users/MightyMouse/.rvm/gems/ruby-2.0.0-p353/specifications/rake-10.2.2.gemspec
I, [2014-04-08T17:53:38.911388 #23134]  INFO -- : 0:  i18n (0.6.9) from /Users/MightyMouse/.rvm/gems/ruby-2.0.0-p353@global/specifications/i18n-0.6.9.gemspec
I, [2014-04-08T17:53:38.911656 #23134]  INFO -- : 0:  minitest (4.7.5) from /Users/MightyMouse/.rvm/gems/ruby-2.0.0-p353/specifications/minitest-4.7.5.gemspec
I, [2014-04-08T17:53:38.911919 #23134]  INFO -- : 0:  multi_json (1.9.2) from /Users/MightyMouse/.rvm/gems/ruby-2.0.0-p353/specifications/multi_json-1.9.2.gemspec
I, [2014-04-08T17:53:38.912242 #23134]  INFO -- : 0:  thread_safe (0.3.3) from /Users/MightyMouse/.rvm/gems/ruby-2.0.0-p353/specifications/thread_safe-0.3.3.gemspec
I, [2014-04-08T17:53:38.912491 #23134]  INFO -- : 0:  tzinfo (0.3.39) from /Users/MightyMouse/.rvm/gems/ruby-2.0.0-p353/specifications/tzinfo-0.3.39.gemspec
I, [2014-04-08T17:53:38.912737 #23134]  INFO -- : 0:  activesupport (4.0.3) from /Users/MightyMouse/.rvm/gems/ruby-2.0.0-p353/specifications/activesupport-4.0.3.gemspec
I, [2014-04-08T17:53:38.912977 #23134]  INFO -- : 0:  builder (3.1.4) from /Users/MightyMouse/.rvm/gems/ruby-2.0.0-p353@global/specifications/builder-3.1.4.gemspec
I, [2014-04-08T17:53:38.913218 #23134]  INFO -- : 0:  erubis (2.7.0) from /Users/MightyMouse/.rvm/gems/ruby-2.0.0-p353@global/specifications/erubis-2.7.0.gemspec
I, [2014-04-08T17:53:38.913455 #23134]  INFO -- : 0:  rack (1.5.2) from /Users/MightyMouse/.rvm/gems/ruby-2.0.0-p353@global/specifications/rack-1.5.2.gemspec
I, [2014-04-08T17:53:38.913690 #23134]  INFO -- : 0:  rack-test (0.6.2) from /Users/MightyMouse/.rvm/gems/ruby-2.0.0-p353@global/specifications/rack-test-0.6.2.gemspec
I, [2014-04-08T17:53:38.913923 #23134]  INFO -- : 0:  actionpack (4.0.3) from /Users/MightyMouse/.rvm/gems/ruby-2.0.0-p353/specifications/actionpack-4.0.3.gemspec
I, [2014-04-08T17:53:38.914158 #23134]  INFO -- : 0:  mime-types (1.25.1) from /Users/MightyMouse/.rvm/gems/ruby-2.0.0-p353@global/specifications/mime-types-1.25.1.gemspec
I, [2014-04-08T17:53:38.914395 #23134]  INFO -- : 0:  polyglot (0.3.4) from /Users/MightyMouse/.rvm/gems/ruby-2.0.0-p353/specifications/polyglot-0.3.4.gemspec
I, [2014-04-08T17:53:38.914629 #23134]  INFO -- : 0:  treetop (1.4.15) from /Users/MightyMouse/.rvm/gems/ruby-2.0.0-p353@global/specifications/treetop-1.4.15.gemspec
I, [2014-04-08T17:53:38.914861 #23134]  INFO -- : 0:  mail (2.5.4) from /Users/MightyMouse/.rvm/gems/ruby-2.0.0-p353@global/specifications/mail-2.5.4.gemspec
I, [2014-04-08T17:53:38.915096 #23134]  INFO -- : 0:  actionmailer (4.0.3) from /Users/MightyMouse/.rvm/gems/ruby-2.0.0-p353/specifications/actionmailer-4.0.3.gemspec
I, [2014-04-08T17:53:38.915331 #23134]  INFO -- : 0:  activemodel (4.0.3) from /Users/MightyMouse/.rvm/gems/ruby-2.0.0-p353/specifications/activemodel-4.0.3.gemspec
I, [2014-04-08T17:53:38.915567 #23134]  INFO -- : 0:  activerecord-deprecated_finders (1.0.3) from /Users/MightyMouse/.rvm/gems/ruby-2.0.0-p353@global/specifications/activerecord-deprecated_finders-1.0.3.gemspec
I, [2014-04-08T17:53:38.915825 #23134]  INFO -- : 0:  arel (4.0.2) from /Users/MightyMouse/.rvm/gems/ruby-2.0.0-p353/specifications/arel-4.0.2.gemspec
I, [2014-04-08T17:53:38.916060 #23134]  INFO -- : 0:  activerecord (4.0.3) from /Users/MightyMouse/.rvm/gems/ruby-2.0.0-p353/specifications/activerecord-4.0.3.gemspec
I, [2014-04-08T17:53:38.916333 #23134]  INFO -- : 0:  bcrypt (3.1.7) from /Users/MightyMouse/.rvm/gems/ruby-2.0.0-p353/specifications/bcrypt-3.1.7.gemspec
I, [2014-04-08T17:53:38.916584 #23134]  INFO -- : 0:  coffee-script-source (1.7.0) from /Users/MightyMouse/.rvm/gems/ruby-2.0.0-p353/specifications/coffee-script-source-1.7.0.gemspec
I, [2014-04-08T17:53:38.916811 #23134]  INFO -- : 0:  execjs (2.0.2) from /Users/MightyMouse/.rvm/gems/ruby-2.0.0-p353/specifications/execjs-2.0.2.gemspec
I, [2014-04-08T17:53:38.917043 #23134]  INFO -- : 0:  coffee-script (2.2.0) from /Users/MightyMouse/.rvm/gems/ruby-2.0.0-p353/specifications/coffee-script-2.2.0.gemspec
I, [2014-04-08T17:53:38.917283 #23134]  INFO -- : 0:  thor (0.19.1) from /Users/MightyMouse/.rvm/gems/ruby-2.0.0-p353/specifications/thor-0.19.1.gemspec
I, [2014-04-08T17:53:38.917522 #23134]  INFO -- : 0:  railties (4.0.3) from /Users/MightyMouse/.rvm/gems/ruby-2.0.0-p353/specifications/railties-4.0.3.gemspec
I, [2014-04-08T17:53:38.917753 #23134]  INFO -- : 0:  coffee-rails (4.0.1) from /Users/MightyMouse/.rvm/gems/ruby-2.0.0-p353/specifications/coffee-rails-4.0.1.gemspec
I, [2014-04-08T17:53:38.917987 #23134]  INFO -- : 0:  hike (1.2.3) from /Users/MightyMouse/.rvm/gems/ruby-2.0.0-p353@global/specifications/hike-1.2.3.gemspec
I, [2014-04-08T17:53:38.918222 #23134]  INFO -- : 0:  jbuilder (1.5.3) from /Users/MightyMouse/.rvm/gems/ruby-2.0.0-p353/specifications/jbuilder-1.5.3.gemspec
I, [2014-04-08T17:53:38.918458 #23134]  INFO -- : 0:  jquery-rails (3.1.0) from /Users/MightyMouse/.rvm/gems/ruby-2.0.0-p353/specifications/jquery-rails-3.1.0.gemspec
I, [2014-04-08T17:53:38.918695 #23134]  INFO -- : 0:  json (1.8.1) from /Users/MightyMouse/.rvm/gems/ruby-2.0.0-p353/specifications/json-1.8.1.gemspec
I, [2014-04-08T17:53:38.918946 #23134]  INFO -- : 0:  bundler (1.5.1) from /Users/MightyMouse/.rvm/gems/ruby-2.0.0-p353@global/specifications/bundler-1.5.1.gemspec
I, [2014-04-08T17:53:38.919268 #23134]  INFO -- : 0:  tilt (1.4.1) from /Users/MightyMouse/.rvm/gems/ruby-2.0.0-p353@global/specifications/tilt-1.4.1.gemspec
I, [2014-04-08T17:53:38.919536 #23134]  INFO -- : 0:  sprockets (2.11.0) from /Users/MightyMouse/.rvm/gems/ruby-2.0.0-p353/specifications/sprockets-2.11.0.gemspec
I, [2014-04-08T17:53:38.919780 #23134]  INFO -- : 0:  sprockets-rails (2.0.1) from /Users/MightyMouse/.rvm/gems/ruby-2.0.0-p353@global/specifications/sprockets-rails-2.0.1.gemspec
I, [2014-04-08T17:53:38.920023 #23134]  INFO -- : 0:  rails (4.0.3) from /Users/MightyMouse/.rvm/gems/ruby-2.0.0-p353/specifications/rails-4.0.3.gemspec
I, [2014-04-08T17:53:38.920274 #23134]  INFO -- : 0:  rdoc (4.1.1) from /Users/MightyMouse/.rvm/gems/ruby-2.0.0-p353/specifications/rdoc-4.1.1.gemspec
I, [2014-04-08T17:53:38.920533 #23134]  INFO -- : 0:  sass (3.2.19) from /Users/MightyMouse/.rvm/gems/ruby-2.0.0-p353/specifications/sass-3.2.19.gemspec
I, [2014-04-08T17:53:38.920785 #23134]  INFO -- : 0:  sass-rails (4.0.3) from /Users/MightyMouse/.rvm/gems/ruby-2.0.0-p353/specifications/sass-rails-4.0.3.gemspec
I, [2014-04-08T17:53:38.921026 #23134]  INFO -- : 0:  sdoc (0.4.0) from /Users/MightyMouse/.rvm/gems/ruby-2.0.0-p353/specifications/sdoc-0.4.0.gemspec
I, [2014-04-08T17:53:38.921268 #23134]  INFO -- : 0:  sqlite3 (1.3.9) from /Users/MightyMouse/.rvm/gems/ruby-2.0.0-p353/specifications/sqlite3-1.3.9.gemspec
I, [2014-04-08T17:53:38.921514 #23134]  INFO -- : 0:  turbolinks (2.2.2) from /Users/MightyMouse/.rvm/gems/ruby-2.0.0-p353/specifications/turbolinks-2.2.2.gemspec
I, [2014-04-08T17:53:38.921750 #23134]  INFO -- : 0:  uglifier (2.5.0) from /Users/MightyMouse/.rvm/gems/ruby-2.0.0-p353/specifications/uglifier-2.5.0.gemspec
I, [2014-04-08T17:54:04.141419 #23143]  INFO -- : 0:  rake (10.2.2) from /Users/MightyMouse/.rvm/gems/ruby-2.0.0-p353/specifications/rake-10.2.2.gemspec
I, [2014-04-08T17:54:04.141918 #23143]  INFO -- : 0:  i18n (0.6.9) from /Users/MightyMouse/.rvm/gems/ruby-2.0.0-p353@global/specifications/i18n-0.6.9.gemspec
I, [2014-04-08T17:54:04.142369 #23143]  INFO -- : 0:  minitest (4.7.5) from /Users/MightyMouse/.rvm/gems/ruby-2.0.0-p353/specifications/minitest-4.7.5.gemspec
I, [2014-04-08T17:54:04.142726 #23143]  INFO -- : 0:  multi_json (1.9.2) from /Users/MightyMouse/.rvm/gems/ruby-2.0.0-p353/specifications/multi_json-1.9.2.gemspec
I, [2014-04-08T17:54:04.143065 #23143]  INFO -- : 0:  thread_safe (0.3.3) from /Users/MightyMouse/.rvm/gems/ruby-2.0.0-p353/specifications/thread_safe-0.3.3.gemspec
I, [2014-04-08T17:54:04.143388 #23143]  INFO -- : 0:  tzinfo (0.3.39) from /Users/MightyMouse/.rvm/gems/ruby-2.0.0-p353/specifications/tzinfo-0.3.39.gemspec
I, [2014-04-08T17:54:04.143877 #23143]  INFO -- : 0:  activesupport (4.0.3) from /Users/MightyMouse/.rvm/gems/ruby-2.0.0-p353/specifications/activesupport-4.0.3.gemspec
I, [2014-04-08T17:54:04.144476 #23143]  INFO -- : 0:  builder (3.1.4) from /Users/MightyMouse/.rvm/gems/ruby-2.0.0-p353@global/specifications/builder-3.1.4.gemspec
I, [2014-04-08T17:54:04.144976 #23143]  INFO -- : 0:  erubis (2.7.0) from /Users/MightyMouse/.rvm/gems/ruby-2.0.0-p353@global/specifications/erubis-2.7.0.gemspec
I, [2014-04-08T17:54:04.145467 #23143]  INFO -- : 0:  rack (1.5.2) from /Users/MightyMouse/.rvm/gems/ruby-2.0.0-p353@global/specifications/rack-1.5.2.gemspec
I, [2014-04-08T17:54:04.145970 #23143]  INFO -- : 0:  rack-test (0.6.2) from /Users/MightyMouse/.rvm/gems/ruby-2.0.0-p353@global/specifications/rack-test-0.6.2.gemspec
I, [2014-04-08T17:54:04.146683 #23143]  INFO -- : 0:  actionpack (4.0.3) from /Users/MightyMouse/.rvm/gems/ruby-2.0.0-p353/specifications/actionpack-4.0.3.gemspec
I, [2014-04-08T17:54:04.147184 #23143]  INFO -- : 0:  mime-types (1.25.1) from /Users/MightyMouse/.rvm/gems/ruby-2.0.0-p353@global/specifications/mime-types-1.25.1.gemspec
I, [2014-04-08T17:54:04.147653 #23143]  INFO -- : 0:  polyglot (0.3.4) from /Users/MightyMouse/.rvm/gems/ruby-2.0.0-p353/specifications/polyglot-0.3.4.gemspec
I, [2014-04-08T17:54:04.148150 #23143]  INFO -- : 0:  treetop (1.4.15) from /Users/MightyMouse/.rvm/gems/ruby-2.0.0-p353@global/specifications/treetop-1.4.15.gemspec
I, [2014-04-08T17:54:04.148615 #23143]  INFO -- : 0:  mail (2.5.4) from /Users/MightyMouse/.rvm/gems/ruby-2.0.0-p353@global/specifications/mail-2.5.4.gemspec
I, [2014-04-08T17:54:04.148981 #23143]  INFO -- : 0:  actionmailer (4.0.3) from /Users/MightyMouse/.rvm/gems/ruby-2.0.0-p353/specifications/actionmailer-4.0.3.gemspec
I, [2014-04-08T17:54:04.149478 #23143]  INFO -- : 0:  activemodel (4.0.3) from /Users/MightyMouse/.rvm/gems/ruby-2.0.0-p353/specifications/activemodel-4.0.3.gemspec
I, [2014-04-08T17:54:04.150141 #23143]  INFO -- : 0:  activerecord-deprecated_finders (1.0.3) from /Users/MightyMouse/.rvm/gems/ruby-2.0.0-p353@global/specifications/activerecord-deprecated_finders-1.0.3.gemspec
I, [2014-04-08T17:54:04.150511 #23143]  INFO -- : 0:  arel (4.0.2) from /Users/MightyMouse/.rvm/gems/ruby-2.0.0-p353/specifications/arel-4.0.2.gemspec
I, [2014-04-08T17:54:04.150834 #23143]  INFO -- : 0:  activerecord (4.0.3) from /Users/MightyMouse/.rvm/gems/ruby-2.0.0-p353/specifications/activerecord-4.0.3.gemspec
I, [2014-04-08T17:54:04.151151 #23143]  INFO -- : 0:  bcrypt (3.1.7) from /Users/MightyMouse/.rvm/gems/ruby-2.0.0-p353/specifications/bcrypt-3.1.7.gemspec
I, [2014-04-08T17:54:04.151453 #23143]  INFO -- : 0:  bcrypt-ruby (3.1.5) from /Users/MightyMouse/.rvm/gems/ruby-2.0.0-p353/specifications/bcrypt-ruby-3.1.5.gemspec
I, [2014-04-08T17:54:04.151749 #23143]  INFO -- : 0:  bundler (1.5.1) from /Users/MightyMouse/.rvm/gems/ruby-2.0.0-p353@global/specifications/bundler-1.5.1.gemspec
I, [2014-04-08T17:54:04.152041 #23143]  INFO -- : 0:  coffee-script-source (1.7.0) from /Users/MightyMouse/.rvm/gems/ruby-2.0.0-p353/specifications/coffee-script-source-1.7.0.gemspec
I, [2014-04-08T17:54:04.152355 #23143]  INFO -- : 0:  execjs (2.0.2) from /Users/MightyMouse/.rvm/gems/ruby-2.0.0-p353/specifications/execjs-2.0.2.gemspec
I, [2014-04-08T17:54:04.152664 #23143]  INFO -- : 0:  coffee-script (2.2.0) from /Users/MightyMouse/.rvm/gems/ruby-2.0.0-p353/specifications/coffee-script-2.2.0.gemspec
I, [2014-04-08T17:54:04.152953 #23143]  INFO -- : 0:  thor (0.19.1) from /Users/MightyMouse/.rvm/gems/ruby-2.0.0-p353/specifications/thor-0.19.1.gemspec
I, [2014-04-08T17:54:04.153242 #23143]  INFO -- : 0:  railties (4.0.3) from /Users/MightyMouse/.rvm/gems/ruby-2.0.0-p353/specifications/railties-4.0.3.gemspec
I, [2014-04-08T17:54:04.153545 #23143]  INFO -- : 0:  coffee-rails (4.0.1) from /Users/MightyMouse/.rvm/gems/ruby-2.0.0-p353/specifications/coffee-rails-4.0.1.gemspec
I, [2014-04-08T17:54:04.153845 #23143]  INFO -- : 0:  hike (1.2.3) from /Users/MightyMouse/.rvm/gems/ruby-2.0.0-p353@global/specifications/hike-1.2.3.gemspec
I, [2014-04-08T17:54:04.154151 #23143]  INFO -- : 0:  jbuilder (1.5.3) from /Users/MightyMouse/.rvm/gems/ruby-2.0.0-p353/specifications/jbuilder-1.5.3.gemspec
I, [2014-04-08T17:54:04.154492 #23143]  INFO -- : 0:  jquery-rails (3.1.0) from /Users/MightyMouse/.rvm/gems/ruby-2.0.0-p353/specifications/jquery-rails-3.1.0.gemspec
I, [2014-04-08T17:54:04.154778 #23143]  INFO -- : 0:  json (1.8.1) from /Users/MightyMouse/.rvm/gems/ruby-2.0.0-p353/specifications/json-1.8.1.gemspec
I, [2014-04-08T17:54:04.155059 #23143]  INFO -- : 0:  tilt (1.4.1) from /Users/MightyMouse/.rvm/gems/ruby-2.0.0-p353@global/specifications/tilt-1.4.1.gemspec
I, [2014-04-08T17:54:04.155356 #23143]  INFO -- : 0:  sprockets (2.11.0) from /Users/MightyMouse/.rvm/gems/ruby-2.0.0-p353/specifications/sprockets-2.11.0.gemspec
I, [2014-04-08T17:54:04.155636 #23143]  INFO -- : 0:  sprockets-rails (2.0.1) from /Users/MightyMouse/.rvm/gems/ruby-2.0.0-p353@global/specifications/sprockets-rails-2.0.1.gemspec
I, [2014-04-08T17:54:04.155949 #23143]  INFO -- : 0:  rails (4.0.3) from /Users/MightyMouse/.rvm/gems/ruby-2.0.0-p353/specifications/rails-4.0.3.gemspec
I, [2014-04-08T17:54:04.162800 #23143]  INFO -- : 0:  rdoc (4.1.1) from /Users/MightyMouse/.rvm/gems/ruby-2.0.0-p353/specifications/rdoc-4.1.1.gemspec
I, [2014-04-08T17:54:04.163140 #23143]  INFO -- : 0:  sass (3.2.19) from /Users/MightyMouse/.rvm/gems/ruby-2.0.0-p353/specifications/sass-3.2.19.gemspec
I, [2014-04-08T17:54:04.163555 #23143]  INFO -- : 0:  sass-rails (4.0.3) from /Users/MightyMouse/.rvm/gems/ruby-2.0.0-p353/specifications/sass-rails-4.0.3.gemspec
I, [2014-04-08T17:54:04.163938 #23143]  INFO -- : 0:  sdoc (0.4.0) from /Users/MightyMouse/.rvm/gems/ruby-2.0.0-p353/specifications/sdoc-0.4.0.gemspec
I, [2014-04-08T17:54:04.164345 #23143]  INFO -- : 0:  sqlite3 (1.3.9) from /Users/MightyMouse/.rvm/gems/ruby-2.0.0-p353/specifications/sqlite3-1.3.9.gemspec
I, [2014-04-08T17:54:04.164732 #23143]  INFO -- : 0:  turbolinks (2.2.2) from /Users/MightyMouse/.rvm/gems/ruby-2.0.0-p353/specifications/turbolinks-2.2.2.gemspec
I, [2014-04-08T17:54:04.165175 #23143]  INFO -- : 0:  uglifier (2.5.0) from /Users/MightyMouse/.rvm/gems/ruby-2.0.0-p353/specifications/uglifier-2.5.0.gemspec
I, [2014-04-10T16:26:11.931067 #45486]  INFO -- : 0:  rake (10.2.2) from /Users/MightyMouse/.rvm/gems/ruby-2.0.0-p353/specifications/rake-10.2.2.gemspec
I, [2014-04-10T16:26:11.931513 #45486]  INFO -- : 0:  i18n (0.6.9) from /Users/MightyMouse/.rvm/gems/ruby-2.0.0-p353@global/specifications/i18n-0.6.9.gemspec
I, [2014-04-10T16:26:11.931870 #45486]  INFO -- : 0:  minitest (4.7.5) from /Users/MightyMouse/.rvm/gems/ruby-2.0.0-p353/specifications/minitest-4.7.5.gemspec
I, [2014-04-10T16:26:11.932224 #45486]  INFO -- : 0:  multi_json (1.9.2) from /Users/MightyMouse/.rvm/gems/ruby-2.0.0-p353/specifications/multi_json-1.9.2.gemspec
I, [2014-04-10T16:26:11.932539 #45486]  INFO -- : 0:  thread_safe (0.3.3) from /Users/MightyMouse/.rvm/gems/ruby-2.0.0-p353/specifications/thread_safe-0.3.3.gemspec
I, [2014-04-10T16:26:11.932839 #45486]  INFO -- : 0:  tzinfo (0.3.39) from /Users/MightyMouse/.rvm/gems/ruby-2.0.0-p353/specifications/tzinfo-0.3.39.gemspec
I, [2014-04-10T16:26:11.933154 #45486]  INFO -- : 0:  activesupport (4.0.3) from /Users/MightyMouse/.rvm/gems/ruby-2.0.0-p353/specifications/activesupport-4.0.3.gemspec
I, [2014-04-10T16:26:11.933451 #45486]  INFO -- : 0:  builder (3.1.4) from /Users/MightyMouse/.rvm/gems/ruby-2.0.0-p353@global/specifications/builder-3.1.4.gemspec
I, [2014-04-10T16:26:11.933774 #45486]  INFO -- : 0:  erubis (2.7.0) from /Users/MightyMouse/.rvm/gems/ruby-2.0.0-p353@global/specifications/erubis-2.7.0.gemspec
I, [2014-04-10T16:26:11.934067 #45486]  INFO -- : 0:  rack (1.5.2) from /Users/MightyMouse/.rvm/gems/ruby-2.0.0-p353@global/specifications/rack-1.5.2.gemspec
I, [2014-04-10T16:26:11.934355 #45486]  INFO -- : 0:  rack-test (0.6.2) from /Users/MightyMouse/.rvm/gems/ruby-2.0.0-p353@global/specifications/rack-test-0.6.2.gemspec
I, [2014-04-10T16:26:11.934648 #45486]  INFO -- : 0:  actionpack (4.0.3) from /Users/MightyMouse/.rvm/gems/ruby-2.0.0-p353/specifications/actionpack-4.0.3.gemspec
I, [2014-04-10T16:26:11.935015 #45486]  INFO -- : 0:  mime-types (1.25.1) from /Users/MightyMouse/.rvm/gems/ruby-2.0.0-p353@global/specifications/mime-types-1.25.1.gemspec
I, [2014-04-10T16:26:11.935294 #45486]  INFO -- : 0:  polyglot (0.3.4) from /Users/MightyMouse/.rvm/gems/ruby-2.0.0-p353/specifications/polyglot-0.3.4.gemspec
I, [2014-04-10T16:26:11.935543 #45486]  INFO -- : 0:  treetop (1.4.15) from /Users/MightyMouse/.rvm/gems/ruby-2.0.0-p353@global/specifications/treetop-1.4.15.gemspec
I, [2014-04-10T16:26:11.935789 #45486]  INFO -- : 0:  mail (2.5.4) from /Users/MightyMouse/.rvm/gems/ruby-2.0.0-p353@global/specifications/mail-2.5.4.gemspec
I, [2014-04-10T16:26:11.936039 #45486]  INFO -- : 0:  actionmailer (4.0.3) from /Users/MightyMouse/.rvm/gems/ruby-2.0.0-p353/specifications/actionmailer-4.0.3.gemspec
I, [2014-04-10T16:26:11.936285 #45486]  INFO -- : 0:  activemodel (4.0.3) from /Users/MightyMouse/.rvm/gems/ruby-2.0.0-p353/specifications/activemodel-4.0.3.gemspec
I, [2014-04-10T16:26:11.936550 #45486]  INFO -- : 0:  activerecord-deprecated_finders (1.0.3) from /Users/MightyMouse/.rvm/gems/ruby-2.0.0-p353@global/specifications/activerecord-deprecated_finders-1.0.3.gemspec
I, [2014-04-10T16:26:11.936789 #45486]  INFO -- : 0:  arel (4.0.2) from /Users/MightyMouse/.rvm/gems/ruby-2.0.0-p353/specifications/arel-4.0.2.gemspec
I, [2014-04-10T16:26:11.937028 #45486]  INFO -- : 0:  activerecord (4.0.3) from /Users/MightyMouse/.rvm/gems/ruby-2.0.0-p353/specifications/activerecord-4.0.3.gemspec
I, [2014-04-10T16:26:11.937266 #45486]  INFO -- : 0:  bcrypt (3.1.7) from /Users/MightyMouse/.rvm/gems/ruby-2.0.0-p353/specifications/bcrypt-3.1.7.gemspec
I, [2014-04-10T16:26:11.937498 #45486]  INFO -- : 0:  bcrypt-ruby (3.1.5) from /Users/MightyMouse/.rvm/gems/ruby-2.0.0-p353/specifications/bcrypt-ruby-3.1.5.gemspec
I, [2014-04-10T16:26:11.937801 #45486]  INFO -- : 0:  coffee-script-source (1.7.0) from /Users/MightyMouse/.rvm/gems/ruby-2.0.0-p353/specifications/coffee-script-source-1.7.0.gemspec
I, [2014-04-10T16:26:11.938103 #45486]  INFO -- : 0:  execjs (2.0.2) from /Users/MightyMouse/.rvm/gems/ruby-2.0.0-p353/specifications/execjs-2.0.2.gemspec
I, [2014-04-10T16:26:11.938406 #45486]  INFO -- : 0:  coffee-script (2.2.0) from /Users/MightyMouse/.rvm/gems/ruby-2.0.0-p353/specifications/coffee-script-2.2.0.gemspec
I, [2014-04-10T16:26:11.938718 #45486]  INFO -- : 0:  thor (0.19.1) from /Users/MightyMouse/.rvm/gems/ruby-2.0.0-p353/specifications/thor-0.19.1.gemspec
I, [2014-04-10T16:26:11.939033 #45486]  INFO -- : 0:  railties (4.0.3) from /Users/MightyMouse/.rvm/gems/ruby-2.0.0-p353/specifications/railties-4.0.3.gemspec
I, [2014-04-10T16:26:11.939331 #45486]  INFO -- : 0:  coffee-rails (4.0.1) from /Users/MightyMouse/.rvm/gems/ruby-2.0.0-p353/specifications/coffee-rails-4.0.1.gemspec
I, [2014-04-10T16:26:11.939621 #45486]  INFO -- : 0:  hike (1.2.3) from /Users/MightyMouse/.rvm/gems/ruby-2.0.0-p353@global/specifications/hike-1.2.3.gemspec
I, [2014-04-10T16:26:11.939915 #45486]  INFO -- : 0:  jbuilder (1.5.3) from /Users/MightyMouse/.rvm/gems/ruby-2.0.0-p353/specifications/jbuilder-1.5.3.gemspec
I, [2014-04-10T16:26:11.940218 #45486]  INFO -- : 0:  jquery-rails (3.1.0) from /Users/MightyMouse/.rvm/gems/ruby-2.0.0-p353/specifications/jquery-rails-3.1.0.gemspec
I, [2014-04-10T16:26:11.940510 #45486]  INFO -- : 0:  json (1.8.1) from /Users/MightyMouse/.rvm/gems/ruby-2.0.0-p353/specifications/json-1.8.1.gemspec
I, [2014-04-10T16:26:11.940857 #45486]  INFO -- : 0:  bundler (1.5.1) from /Users/MightyMouse/.rvm/gems/ruby-2.0.0-p353@global/specifications/bundler-1.5.1.gemspec
I, [2014-04-10T16:26:11.941144 #45486]  INFO -- : 0:  tilt (1.4.1) from /Users/MightyMouse/.rvm/gems/ruby-2.0.0-p353@global/specifications/tilt-1.4.1.gemspec
I, [2014-04-10T16:26:11.941425 #45486]  INFO -- : 0:  sprockets (2.11.0) from /Users/MightyMouse/.rvm/gems/ruby-2.0.0-p353/specifications/sprockets-2.11.0.gemspec
I, [2014-04-10T16:26:11.941693 #45486]  INFO -- : 0:  sprockets-rails (2.0.1) from /Users/MightyMouse/.rvm/gems/ruby-2.0.0-p353@global/specifications/sprockets-rails-2.0.1.gemspec
I, [2014-04-10T16:26:11.941962 #45486]  INFO -- : 0:  rails (4.0.3) from /Users/MightyMouse/.rvm/gems/ruby-2.0.0-p353/specifications/rails-4.0.3.gemspec
I, [2014-04-10T16:26:11.942238 #45486]  INFO -- : 0:  rdoc (4.1.1) from /Users/MightyMouse/.rvm/gems/ruby-2.0.0-p353/specifications/rdoc-4.1.1.gemspec
I, [2014-04-10T16:26:11.942523 #45486]  INFO -- : 0:  sass (3.2.19) from /Users/MightyMouse/.rvm/gems/ruby-2.0.0-p353/specifications/sass-3.2.19.gemspec
I, [2014-04-10T16:26:11.942798 #45486]  INFO -- : 0:  sass-rails (4.0.3) from /Users/MightyMouse/.rvm/gems/ruby-2.0.0-p353/specifications/sass-rails-4.0.3.gemspec
I, [2014-04-10T16:26:11.943066 #45486]  INFO -- : 0:  sdoc (0.4.0) from /Users/MightyMouse/.rvm/gems/ruby-2.0.0-p353/specifications/sdoc-0.4.0.gemspec
I, [2014-04-10T16:26:11.943335 #45486]  INFO -- : 0:  sqlite3 (1.3.9) from /Users/MightyMouse/.rvm/gems/ruby-2.0.0-p353/specifications/sqlite3-1.3.9.gemspec
I, [2014-04-10T16:26:11.943640 #45486]  INFO -- : 0:  turbolinks (2.2.2) from /Users/MightyMouse/.rvm/gems/ruby-2.0.0-p353/specifications/turbolinks-2.2.2.gemspec
I, [2014-04-10T16:26:11.943915 #45486]  INFO -- : 0:  uglifier (2.5.0) from /Users/MightyMouse/.rvm/gems/ruby-2.0.0-p353/specifications/uglifier-2.5.0.gemspec
