# Logfile created on 2014-06-13 21:28:11 -0400 by logger.rb/41954
I, [2014-06-13T21:28:11.694968 #3522]  INFO -- : 0:  rake (10.3.2) from /Users/MightyMouse/.rvm/gems/ruby-2.0.0-p353/specifications/rake-10.3.2.gemspec
I, [2014-06-13T21:28:11.695448 #3522]  INFO -- : 0:  i18n (0.6.9) from /Users/MightyMouse/.rvm/gems/ruby-2.0.0-p353@global/specifications/i18n-0.6.9.gemspec
I, [2014-06-13T21:28:11.695785 #3522]  INFO -- : 0:  minitest (4.7.5) from /Users/MightyMouse/.rvm/gems/ruby-2.0.0-p353/specifications/minitest-4.7.5.gemspec
I, [2014-06-13T21:28:11.696103 #3522]  INFO -- : 0:  multi_json (1.10.1) from /Users/MightyMouse/.rvm/gems/ruby-2.0.0-p353/specifications/multi_json-1.10.1.gemspec
I, [2014-06-13T21:28:11.696499 #3522]  INFO -- : 0:  thread_safe (0.3.4) from /Users/MightyMouse/.rvm/gems/ruby-2.0.0-p353/specifications/thread_safe-0.3.4.gemspec
I, [2014-06-13T21:28:11.696803 #3522]  INFO -- : 0:  tzinfo (0.3.39) from /Users/MightyMouse/.rvm/gems/ruby-2.0.0-p353/specifications/tzinfo-0.3.39.gemspec
I, [2014-06-13T21:28:11.697105 #3522]  INFO -- : 0:  activesupport (4.0.3) from /Users/MightyMouse/.rvm/gems/ruby-2.0.0-p353/specifications/activesupport-4.0.3.gemspec
I, [2014-06-13T21:28:11.697398 #3522]  INFO -- : 0:  builder (3.1.4) from /Users/MightyMouse/.rvm/gems/ruby-2.0.0-p353@global/specifications/builder-3.1.4.gemspec
I, [2014-06-13T21:28:11.697689 #3522]  INFO -- : 0:  erubis (2.7.0) from /Users/MightyMouse/.rvm/gems/ruby-2.0.0-p353@global/specifications/erubis-2.7.0.gemspec
I, [2014-06-13T21:28:11.697975 #3522]  INFO -- : 0:  rack (1.5.2) from /Users/MightyMouse/.rvm/gems/ruby-2.0.0-p353@global/specifications/rack-1.5.2.gemspec
I, [2014-06-13T21:28:11.698261 #3522]  INFO -- : 0:  rack-test (0.6.2) from /Users/MightyMouse/.rvm/gems/ruby-2.0.0-p353@global/specifications/rack-test-0.6.2.gemspec
I, [2014-06-13T21:28:11.698551 #3522]  INFO -- : 0:  actionpack (4.0.3) from /Users/MightyMouse/.rvm/gems/ruby-2.0.0-p353/specifications/actionpack-4.0.3.gemspec
I, [2014-06-13T21:28:11.698836 #3522]  INFO -- : 0:  mime-types (1.25.1) from /Users/MightyMouse/.rvm/gems/ruby-2.0.0-p353@global/specifications/mime-types-1.25.1.gemspec
I, [2014-06-13T21:28:11.699125 #3522]  INFO -- : 0:  polyglot (0.3.5) from /Users/MightyMouse/.rvm/gems/ruby-2.0.0-p353/specifications/polyglot-0.3.5.gemspec
I, [2014-06-13T21:28:11.699407 #3522]  INFO -- : 0:  treetop (1.4.15) from /Users/MightyMouse/.rvm/gems/ruby-2.0.0-p353@global/specifications/treetop-1.4.15.gemspec
I, [2014-06-13T21:28:11.699778 #3522]  INFO -- : 0:  mail (2.5.4) from /Users/MightyMouse/.rvm/gems/ruby-2.0.0-p353@global/specifications/mail-2.5.4.gemspec
I, [2014-06-13T21:28:11.700209 #3522]  INFO -- : 0:  actionmailer (4.0.3) from /Users/MightyMouse/.rvm/gems/ruby-2.0.0-p353/specifications/actionmailer-4.0.3.gemspec
I, [2014-06-13T21:28:11.700503 #3522]  INFO -- : 0:  activemodel (4.0.3) from /Users/MightyMouse/.rvm/gems/ruby-2.0.0-p353/specifications/activemodel-4.0.3.gemspec
I, [2014-06-13T21:28:11.700790 #3522]  INFO -- : 0:  activerecord-deprecated_finders (1.0.3) from /Users/MightyMouse/.rvm/gems/ruby-2.0.0-p353@global/specifications/activerecord-deprecated_finders-1.0.3.gemspec
I, [2014-06-13T21:28:11.701081 #3522]  INFO -- : 0:  arel (4.0.2) from /Users/MightyMouse/.rvm/gems/ruby-2.0.0-p353/specifications/arel-4.0.2.gemspec
I, [2014-06-13T21:28:11.701338 #3522]  INFO -- : 0:  activerecord (4.0.3) from /Users/MightyMouse/.rvm/gems/ruby-2.0.0-p353/specifications/activerecord-4.0.3.gemspec
I, [2014-06-13T21:28:11.701582 #3522]  INFO -- : 0:  bundler (1.5.1) from /Users/MightyMouse/.rvm/gems/ruby-2.0.0-p353@global/specifications/bundler-1.5.1.gemspec
I, [2014-06-13T21:28:11.701956 #3522]  INFO -- : 0:  coffee-script-source (1.7.0) from /Users/MightyMouse/.rvm/gems/ruby-2.0.0-p353/specifications/coffee-script-source-1.7.0.gemspec
I, [2014-06-13T21:28:11.702197 #3522]  INFO -- : 0:  execjs (2.2.0) from /Users/MightyMouse/.rvm/gems/ruby-2.0.0-p353/specifications/execjs-2.2.0.gemspec
I, [2014-06-13T21:28:11.702545 #3522]  INFO -- : 0:  coffee-script (2.2.0) from /Users/MightyMouse/.rvm/gems/ruby-2.0.0-p353/specifications/coffee-script-2.2.0.gemspec
I, [2014-06-13T21:28:11.702917 #3522]  INFO -- : 0:  thor (0.19.1) from /Users/MightyMouse/.rvm/gems/ruby-2.0.0-p353/specifications/thor-0.19.1.gemspec
I, [2014-06-13T21:28:11.703157 #3522]  INFO -- : 0:  railties (4.0.3) from /Users/MightyMouse/.rvm/gems/ruby-2.0.0-p353/specifications/railties-4.0.3.gemspec
I, [2014-06-13T21:28:11.703385 #3522]  INFO -- : 0:  coffee-rails (4.0.1) from /Users/MightyMouse/.rvm/gems/ruby-2.0.0-p353/specifications/coffee-rails-4.0.1.gemspec
I, [2014-06-13T21:28:11.703617 #3522]  INFO -- : 0:  hike (1.2.3) from /Users/MightyMouse/.rvm/gems/ruby-2.0.0-p353@global/specifications/hike-1.2.3.gemspec
I, [2014-06-13T21:28:11.703848 #3522]  INFO -- : 0:  jbuilder (1.5.3) from /Users/MightyMouse/.rvm/gems/ruby-2.0.0-p353/specifications/jbuilder-1.5.3.gemspec
I, [2014-06-13T21:28:11.704094 #3522]  INFO -- : 0:  jquery-rails (3.1.0) from /Users/MightyMouse/.rvm/gems/ruby-2.0.0-p353/specifications/jquery-rails-3.1.0.gemspec
I, [2014-06-13T21:28:11.704339 #3522]  INFO -- : 0:  json (1.8.1) from /Users/MightyMouse/.rvm/gems/ruby-2.0.0-p353/specifications/json-1.8.1.gemspec
I, [2014-06-13T21:28:11.704579 #3522]  INFO -- : 0:  tilt (1.4.1) from /Users/MightyMouse/.rvm/gems/ruby-2.0.0-p353@global/specifications/tilt-1.4.1.gemspec
I, [2014-06-13T21:28:11.704981 #3522]  INFO -- : 0:  sprockets (2.11.0) from /Users/MightyMouse/.rvm/gems/ruby-2.0.0-p353/specifications/sprockets-2.11.0.gemspec
I, [2014-06-13T21:28:11.705318 #3522]  INFO -- : 0:  sprockets-rails (2.0.1) from /Users/MightyMouse/.rvm/gems/ruby-2.0.0-p353@global/specifications/sprockets-rails-2.0.1.gemspec
I, [2014-06-13T21:28:11.705564 #3522]  INFO -- : 0:  rails (4.0.3) from /Users/MightyMouse/.rvm/gems/ruby-2.0.0-p353/specifications/rails-4.0.3.gemspec
I, [2014-06-13T21:28:11.705797 #3522]  INFO -- : 0:  rdoc (4.1.1) from /Users/MightyMouse/.rvm/gems/ruby-2.0.0-p353/specifications/rdoc-4.1.1.gemspec
I, [2014-06-13T21:28:11.706049 #3522]  INFO -- : 0:  sass (3.2.19) from /Users/MightyMouse/.rvm/gems/ruby-2.0.0-p353/specifications/sass-3.2.19.gemspec
I, [2014-06-13T21:28:11.706280 #3522]  INFO -- : 0:  sass-rails (4.0.3) from /Users/MightyMouse/.rvm/gems/ruby-2.0.0-p353/specifications/sass-rails-4.0.3.gemspec
I, [2014-06-13T21:28:11.706504 #3522]  INFO -- : 0:  sdoc (0.4.0) from /Users/MightyMouse/.rvm/gems/ruby-2.0.0-p353/specifications/sdoc-0.4.0.gemspec
I, [2014-06-13T21:28:11.706729 #3522]  INFO -- : 0:  sqlite3 (1.3.9) from /Users/MightyMouse/.rvm/gems/ruby-2.0.0-p353/specifications/sqlite3-1.3.9.gemspec
I, [2014-06-13T21:28:11.706963 #3522]  INFO -- : 0:  turbolinks (2.2.2) from /Users/MightyMouse/.rvm/gems/ruby-2.0.0-p353/specifications/turbolinks-2.2.2.gemspec
I, [2014-06-13T21:28:14.673446 #3522]  INFO -- : 0:  uglifier (2.5.1) from /Users/MightyMouse/.rvm/gems/ruby-2.0.0-p353/specifications/uglifier-2.5.1.gemspec
