# Logfile created on 2014-04-02 23:21:11 -0400 by logger.rb/41954
I, [2014-04-02T23:21:11.394873 #65807]  INFO -- : 0:  rake (10.2.2) from /Users/MightyMouse/.rvm/gems/ruby-2.0.0-p353/specifications/rake-10.2.2.gemspec
I, [2014-04-02T23:21:11.395258 #65807]  INFO -- : 0:  i18n (0.6.9) from /Users/MightyMouse/.rvm/gems/ruby-2.0.0-p353@global/specifications/i18n-0.6.9.gemspec
I, [2014-04-02T23:21:11.395515 #65807]  INFO -- : 0:  minitest (4.7.5) from /Users/MightyMouse/.rvm/gems/ruby-2.0.0-p353/specifications/minitest-4.7.5.gemspec
I, [2014-04-02T23:21:11.395773 #65807]  INFO -- : 0:  multi_json (1.9.2) from /Users/MightyMouse/.rvm/gems/ruby-2.0.0-p353/specifications/multi_json-1.9.2.gemspec
I, [2014-04-02T23:21:11.396027 #65807]  INFO -- : 0:  atomic (1.1.16) from /Users/MightyMouse/.rvm/gems/ruby-2.0.0-p353/specifications/atomic-1.1.16.gemspec
I, [2014-04-02T23:21:11.396273 #65807]  INFO -- : 0:  thread_safe (0.3.1) from /Users/MightyMouse/.rvm/gems/ruby-2.0.0-p353/specifications/thread_safe-0.3.1.gemspec
I, [2014-04-02T23:21:11.396513 #65807]  INFO -- : 0:  tzinfo (0.3.39) from /Users/MightyMouse/.rvm/gems/ruby-2.0.0-p353/specifications/tzinfo-0.3.39.gemspec
I, [2014-04-02T23:21:11.396752 #65807]  INFO -- : 0:  activesupport (4.0.3) from /Users/MightyMouse/.rvm/gems/ruby-2.0.0-p353/specifications/activesupport-4.0.3.gemspec
I, [2014-04-02T23:21:11.396985 #65807]  INFO -- : 0:  builder (3.1.4) from /Users/MightyMouse/.rvm/gems/ruby-2.0.0-p353@global/specifications/builder-3.1.4.gemspec
I, [2014-04-02T23:21:11.397221 #65807]  INFO -- : 0:  erubis (2.7.0) from /Users/MightyMouse/.rvm/gems/ruby-2.0.0-p353@global/specifications/erubis-2.7.0.gemspec
I, [2014-04-02T23:21:11.397471 #65807]  INFO -- : 0:  rack (1.5.2) from /Users/MightyMouse/.rvm/gems/ruby-2.0.0-p353@global/specifications/rack-1.5.2.gemspec
I, [2014-04-02T23:21:11.397706 #65807]  INFO -- : 0:  rack-test (0.6.2) from /Users/MightyMouse/.rvm/gems/ruby-2.0.0-p353@global/specifications/rack-test-0.6.2.gemspec
I, [2014-04-02T23:21:11.397951 #65807]  INFO -- : 0:  actionpack (4.0.3) from /Users/MightyMouse/.rvm/gems/ruby-2.0.0-p353/specifications/actionpack-4.0.3.gemspec
I, [2014-04-02T23:21:11.398185 #65807]  INFO -- : 0:  mime-types (1.25.1) from /Users/MightyMouse/.rvm/gems/ruby-2.0.0-p353@global/specifications/mime-types-1.25.1.gemspec
I, [2014-04-02T23:21:11.398419 #65807]  INFO -- : 0:  polyglot (0.3.4) from /Users/MightyMouse/.rvm/gems/ruby-2.0.0-p353/specifications/polyglot-0.3.4.gemspec
I, [2014-04-02T23:21:11.398659 #65807]  INFO -- : 0:  treetop (1.4.15) from /Users/MightyMouse/.rvm/gems/ruby-2.0.0-p353@global/specifications/treetop-1.4.15.gemspec
I, [2014-04-02T23:21:11.398895 #65807]  INFO -- : 0:  mail (2.5.4) from /Users/MightyMouse/.rvm/gems/ruby-2.0.0-p353@global/specifications/mail-2.5.4.gemspec
I, [2014-04-02T23:21:11.399131 #65807]  INFO -- : 0:  actionmailer (4.0.3) from /Users/MightyMouse/.rvm/gems/ruby-2.0.0-p353/specifications/actionmailer-4.0.3.gemspec
I, [2014-04-02T23:21:11.399367 #65807]  INFO -- : 0:  activemodel (4.0.3) from /Users/MightyMouse/.rvm/gems/ruby-2.0.0-p353/specifications/activemodel-4.0.3.gemspec
I, [2014-04-02T23:21:11.399602 #65807]  INFO -- : 0:  activerecord-deprecated_finders (1.0.3) from /Users/MightyMouse/.rvm/gems/ruby-2.0.0-p353@global/specifications/activerecord-deprecated_finders-1.0.3.gemspec
I, [2014-04-02T23:21:11.399837 #65807]  INFO -- : 0:  arel (4.0.2) from /Users/MightyMouse/.rvm/gems/ruby-2.0.0-p353/specifications/arel-4.0.2.gemspec
I, [2014-04-02T23:21:11.400072 #65807]  INFO -- : 0:  activerecord (4.0.3) from /Users/MightyMouse/.rvm/gems/ruby-2.0.0-p353/specifications/activerecord-4.0.3.gemspec
I, [2014-04-02T23:21:11.400292 #65807]  INFO -- : 0:  bundler (1.5.1) from /Users/MightyMouse/.rvm/gems/ruby-2.0.0-p353@global/specifications/bundler-1.5.1.gemspec
I, [2014-04-02T23:21:11.400529 #65807]  INFO -- : 0:  coffee-script-source (1.7.0) from /Users/MightyMouse/.rvm/gems/ruby-2.0.0-p353/specifications/coffee-script-source-1.7.0.gemspec
I, [2014-04-02T23:21:11.400759 #65807]  INFO -- : 0:  execjs (2.0.2) from /Users/MightyMouse/.rvm/gems/ruby-2.0.0-p353/specifications/execjs-2.0.2.gemspec
I, [2014-04-02T23:21:11.401000 #65807]  INFO -- : 0:  coffee-script (2.2.0) from /Users/MightyMouse/.rvm/gems/ruby-2.0.0-p353/specifications/coffee-script-2.2.0.gemspec
I, [2014-04-02T23:21:11.401233 #65807]  INFO -- : 0:  thor (0.19.1) from /Users/MightyMouse/.rvm/gems/ruby-2.0.0-p353/specifications/thor-0.19.1.gemspec
I, [2014-04-02T23:21:11.401463 #65807]  INFO -- : 0:  railties (4.0.3) from /Users/MightyMouse/.rvm/gems/ruby-2.0.0-p353/specifications/railties-4.0.3.gemspec
I, [2014-04-02T23:21:11.401690 #65807]  INFO -- : 0:  coffee-rails (4.0.1) from /Users/MightyMouse/.rvm/gems/ruby-2.0.0-p353/specifications/coffee-rails-4.0.1.gemspec
I, [2014-04-02T23:21:11.401922 #65807]  INFO -- : 0:  hike (1.2.3) from /Users/MightyMouse/.rvm/gems/ruby-2.0.0-p353@global/specifications/hike-1.2.3.gemspec
I, [2014-04-02T23:21:11.402156 #65807]  INFO -- : 0:  jbuilder (1.5.3) from /Users/MightyMouse/.rvm/gems/ruby-2.0.0-p353/specifications/jbuilder-1.5.3.gemspec
I, [2014-04-02T23:21:11.402390 #65807]  INFO -- : 0:  jquery-rails (3.1.0) from /Users/MightyMouse/.rvm/gems/ruby-2.0.0-p353/specifications/jquery-rails-3.1.0.gemspec
I, [2014-04-02T23:21:11.402623 #65807]  INFO -- : 0:  json (1.8.1) from /Users/MightyMouse/.rvm/gems/ruby-2.0.0-p353/specifications/json-1.8.1.gemspec
I, [2014-04-02T23:21:11.402880 #65807]  INFO -- : 0:  tilt (1.4.1) from /Users/MightyMouse/.rvm/gems/ruby-2.0.0-p353@global/specifications/tilt-1.4.1.gemspec
I, [2014-04-02T23:21:11.403121 #65807]  INFO -- : 0:  sprockets (2.11.0) from /Users/MightyMouse/.rvm/gems/ruby-2.0.0-p353/specifications/sprockets-2.11.0.gemspec
I, [2014-04-02T23:21:11.403353 #65807]  INFO -- : 0:  sprockets-rails (2.0.1) from /Users/MightyMouse/.rvm/gems/ruby-2.0.0-p353@global/specifications/sprockets-rails-2.0.1.gemspec
I, [2014-04-02T23:21:11.403586 #65807]  INFO -- : 0:  rails (4.0.3) from /Users/MightyMouse/.rvm/gems/ruby-2.0.0-p353/specifications/rails-4.0.3.gemspec
I, [2014-04-02T23:21:11.403821 #65807]  INFO -- : 0:  rdoc (4.1.1) from /Users/MightyMouse/.rvm/gems/ruby-2.0.0-p353/specifications/rdoc-4.1.1.gemspec
I, [2014-04-02T23:21:11.404059 #65807]  INFO -- : 0:  sass (3.2.18) from /Users/MightyMouse/.rvm/gems/ruby-2.0.0-p353/specifications/sass-3.2.18.gemspec
I, [2014-04-02T23:21:11.404292 #65807]  INFO -- : 0:  sass-rails (4.0.2) from /Users/MightyMouse/.rvm/gems/ruby-2.0.0-p353/specifications/sass-rails-4.0.2.gemspec
I, [2014-04-02T23:21:11.404524 #65807]  INFO -- : 0:  sdoc (0.4.0) from /Users/MightyMouse/.rvm/gems/ruby-2.0.0-p353/specifications/sdoc-0.4.0.gemspec
I, [2014-04-02T23:21:11.404759 #65807]  INFO -- : 0:  sqlite3 (1.3.9) from /Users/MightyMouse/.rvm/gems/ruby-2.0.0-p353/specifications/sqlite3-1.3.9.gemspec
I, [2014-04-02T23:21:11.404994 #65807]  INFO -- : 0:  turbolinks (2.2.1) from /Users/MightyMouse/.rvm/gems/ruby-2.0.0-p353/specifications/turbolinks-2.2.1.gemspec
I, [2014-04-02T23:21:11.405230 #65807]  INFO -- : 0:  uglifier (2.5.0) from /Users/MightyMouse/.rvm/gems/ruby-2.0.0-p353/specifications/uglifier-2.5.0.gemspec
